ARM GAS  C:\Users\vidan\AppData\Local\Temp\ccsI0sab.s 			page 1


   1              		.syntax unified
   2              		.cpu cortex-m3
   3              		.fpu softvfp
   4              		.eabi_attribute 20, 1
   5              		.eabi_attribute 21, 1
   6              		.eabi_attribute 23, 3
   7              		.eabi_attribute 24, 1
   8              		.eabi_attribute 25, 1
   9              		.eabi_attribute 26, 1
  10              		.eabi_attribute 30, 1
  11              		.eabi_attribute 34, 1
  12              		.eabi_attribute 18, 4
  13              		.thumb
  14              		.syntax unified
  15              		.file	"keypad.c"
  16              		.text
  17              	.Ltext0:
  18              		.cfi_sections	.debug_frame
  19              		.section	.text.keypadInit,"ax",%progbits
  20              		.align	2
  21              		.global	keypadInit
  22              		.thumb
  23              		.thumb_func
  24              		.type	keypadInit, %function
  25              	keypadInit:
  26              	.LFB63:
  27              		.file 1 "keypad.c"
   1:keypad.c      **** /* ========================================
   2:keypad.c      ****  *
   3:keypad.c      ****  * Copyright YOUR COMPANY, THE YEAR
   4:keypad.c      ****  * All Rights Reserved
   5:keypad.c      ****  * UNPUBLISHED, LICENSED SOFTWARE.
   6:keypad.c      ****  *
   7:keypad.c      ****  * CONFIDENTIAL AND PROPRIETARY INFORMATION
   8:keypad.c      ****  * WHICH IS THE PROPERTY OF your company.
   9:keypad.c      ****  *
  10:keypad.c      ****  * ========================================
  11:keypad.c      **** */
  12:keypad.c      **** #include "project.h"
  13:keypad.c      **** 
  14:keypad.c      **** #define KBD_DELAY   5
  15:keypad.c      **** 
  16:keypad.c      **** 
  17:keypad.c      **** void keypadInit (void) {
  28              		.loc 1 17 0
  29              		.cfi_startproc
  30              		@ args = 0, pretend = 0, frame = 0
  31              		@ frame_needed = 0, uses_anonymous_args = 0
  32 0000 08B5     		push	{r3, lr}
  33              		.cfi_def_cfa_offset 8
  34              		.cfi_offset 3, -8
  35              		.cfi_offset 14, -4
  18:keypad.c      ****     COL0_Write(1);
  36              		.loc 1 18 0
  37 0002 0120     		movs	r0, #1
  38 0004 FFF7FEFF 		bl	COL0_Write
  39              	.LVL0:
ARM GAS  C:\Users\vidan\AppData\Local\Temp\ccsI0sab.s 			page 2


  19:keypad.c      ****     COL1_Write(1);
  40              		.loc 1 19 0
  41 0008 0120     		movs	r0, #1
  42 000a FFF7FEFF 		bl	COL1_Write
  43              	.LVL1:
  20:keypad.c      ****     COL2Write(1);
  44              		.loc 1 20 0
  45 000e 0120     		movs	r0, #1
  46 0010 FFF7FEFF 		bl	COL2Write
  47              	.LVL2:
  48 0014 08BD     		pop	{r3, pc}
  49              		.cfi_endproc
  50              	.LFE63:
  51              		.size	keypadInit, .-keypadInit
  52 0016 00BF     		.section	.text.keypadScan,"ax",%progbits
  53              		.align	2
  54              		.global	keypadScan
  55              		.thumb
  56              		.thumb_func
  57              		.type	keypadScan, %function
  58              	keypadScan:
  59              	.LFB64:
  21:keypad.c      **** }
  22:keypad.c      **** 
  23:keypad.c      **** uint8_t keypadScan (void) {
  60              		.loc 1 23 0
  61              		.cfi_startproc
  62              		@ args = 0, pretend = 0, frame = 0
  63              		@ frame_needed = 0, uses_anonymous_args = 0
  64 0000 08B5     		push	{r3, lr}
  65              		.cfi_def_cfa_offset 8
  66              		.cfi_offset 3, -8
  67              		.cfi_offset 14, -4
  24:keypad.c      ****     COL0_Write(0);
  68              		.loc 1 24 0
  69 0002 0020     		movs	r0, #0
  70 0004 FFF7FEFF 		bl	COL0_Write
  71              	.LVL3:
  25:keypad.c      ****     CyDelay(KBD_DELAY);
  72              		.loc 1 25 0
  73 0008 0520     		movs	r0, #5
  74 000a FFF7FEFF 		bl	CyDelay
  75              	.LVL4:
  26:keypad.c      ****     if (!ROW0_Read()) {
  76              		.loc 1 26 0
  77 000e FFF7FEFF 		bl	ROW0_Read
  78              	.LVL5:
  79 0012 20B9     		cbnz	r0, .L4
  27:keypad.c      ****         COL0_Write(1);
  80              		.loc 1 27 0
  81 0014 0120     		movs	r0, #1
  82 0016 FFF7FEFF 		bl	COL0_Write
  83              	.LVL6:
  28:keypad.c      ****         return('#');
  84              		.loc 1 28 0
  85 001a 2320     		movs	r0, #35
  86 001c 08BD     		pop	{r3, pc}
ARM GAS  C:\Users\vidan\AppData\Local\Temp\ccsI0sab.s 			page 3


  87              	.L4:
  29:keypad.c      ****     }
  30:keypad.c      ****     if (!ROW1_Read()) {
  88              		.loc 1 30 0
  89 001e FFF7FEFF 		bl	ROW1_Read
  90              	.LVL7:
  91 0022 20B9     		cbnz	r0, .L6
  31:keypad.c      ****         COL0_Write(1);
  92              		.loc 1 31 0
  93 0024 0120     		movs	r0, #1
  94 0026 FFF7FEFF 		bl	COL0_Write
  95              	.LVL8:
  32:keypad.c      ****         return('9');
  96              		.loc 1 32 0
  97 002a 3920     		movs	r0, #57
  98 002c 08BD     		pop	{r3, pc}
  99              	.L6:
  33:keypad.c      ****     }
  34:keypad.c      ****     if (!ROW2_Read()) {
 100              		.loc 1 34 0
 101 002e FFF7FEFF 		bl	ROW2_Read
 102              	.LVL9:
 103 0032 20B9     		cbnz	r0, .L7
  35:keypad.c      ****         COL0_Write(1);
 104              		.loc 1 35 0
 105 0034 0120     		movs	r0, #1
 106 0036 FFF7FEFF 		bl	COL0_Write
 107              	.LVL10:
  36:keypad.c      ****         return('6');
 108              		.loc 1 36 0
 109 003a 3620     		movs	r0, #54
 110 003c 08BD     		pop	{r3, pc}
 111              	.L7:
  37:keypad.c      ****     }
  38:keypad.c      ****     if (!ROW3_Read()) {
 112              		.loc 1 38 0
 113 003e FFF7FEFF 		bl	ROW3_Read
 114              	.LVL11:
 115 0042 20B9     		cbnz	r0, .L8
  39:keypad.c      ****         COL0_Write(1);
 116              		.loc 1 39 0
 117 0044 0120     		movs	r0, #1
 118 0046 FFF7FEFF 		bl	COL0_Write
 119              	.LVL12:
  40:keypad.c      ****         return('3');
 120              		.loc 1 40 0
 121 004a 3320     		movs	r0, #51
 122 004c 08BD     		pop	{r3, pc}
 123              	.L8:
  41:keypad.c      ****     }
  42:keypad.c      ****     COL0_Write(1);
 124              		.loc 1 42 0
 125 004e 0120     		movs	r0, #1
 126 0050 FFF7FEFF 		bl	COL0_Write
 127              	.LVL13:
  43:keypad.c      ****     
  44:keypad.c      ****     COL1_Write(0);
ARM GAS  C:\Users\vidan\AppData\Local\Temp\ccsI0sab.s 			page 4


 128              		.loc 1 44 0
 129 0054 0020     		movs	r0, #0
 130 0056 FFF7FEFF 		bl	COL1_Write
 131              	.LVL14:
  45:keypad.c      ****     CyDelay(KBD_DELAY);
 132              		.loc 1 45 0
 133 005a 0520     		movs	r0, #5
 134 005c FFF7FEFF 		bl	CyDelay
 135              	.LVL15:
  46:keypad.c      ****     if (!ROW0_Read()) {
 136              		.loc 1 46 0
 137 0060 FFF7FEFF 		bl	ROW0_Read
 138              	.LVL16:
 139 0064 20B9     		cbnz	r0, .L9
  47:keypad.c      ****         COL1_Write(1);
 140              		.loc 1 47 0
 141 0066 0120     		movs	r0, #1
 142 0068 FFF7FEFF 		bl	COL1_Write
 143              	.LVL17:
  48:keypad.c      ****         return('0');
 144              		.loc 1 48 0
 145 006c 3020     		movs	r0, #48
 146 006e 08BD     		pop	{r3, pc}
 147              	.L9:
  49:keypad.c      ****     }
  50:keypad.c      ****     if (!ROW1_Read()) {
 148              		.loc 1 50 0
 149 0070 FFF7FEFF 		bl	ROW1_Read
 150              	.LVL18:
 151 0074 20B9     		cbnz	r0, .L10
  51:keypad.c      ****         COL1_Write(1);
 152              		.loc 1 51 0
 153 0076 0120     		movs	r0, #1
 154 0078 FFF7FEFF 		bl	COL1_Write
 155              	.LVL19:
  52:keypad.c      ****         return('8');
 156              		.loc 1 52 0
 157 007c 3820     		movs	r0, #56
 158 007e 08BD     		pop	{r3, pc}
 159              	.L10:
  53:keypad.c      ****     }
  54:keypad.c      ****     if (!ROW2_Read()) {
 160              		.loc 1 54 0
 161 0080 FFF7FEFF 		bl	ROW2_Read
 162              	.LVL20:
 163 0084 20B9     		cbnz	r0, .L11
  55:keypad.c      ****         COL1_Write(1);
 164              		.loc 1 55 0
 165 0086 0120     		movs	r0, #1
 166 0088 FFF7FEFF 		bl	COL1_Write
 167              	.LVL21:
  56:keypad.c      ****         return('5');
 168              		.loc 1 56 0
 169 008c 3520     		movs	r0, #53
 170 008e 08BD     		pop	{r3, pc}
 171              	.L11:
  57:keypad.c      ****     }
ARM GAS  C:\Users\vidan\AppData\Local\Temp\ccsI0sab.s 			page 5


  58:keypad.c      ****     if (!ROW3_Read()) {
 172              		.loc 1 58 0
 173 0090 FFF7FEFF 		bl	ROW3_Read
 174              	.LVL22:
 175 0094 20B9     		cbnz	r0, .L12
  59:keypad.c      ****         COL1_Write(1);
 176              		.loc 1 59 0
 177 0096 0120     		movs	r0, #1
 178 0098 FFF7FEFF 		bl	COL1_Write
 179              	.LVL23:
  60:keypad.c      ****         return('2');
 180              		.loc 1 60 0
 181 009c 3220     		movs	r0, #50
 182 009e 08BD     		pop	{r3, pc}
 183              	.L12:
  61:keypad.c      ****     }
  62:keypad.c      ****     COL1_Write(1);
 184              		.loc 1 62 0
 185 00a0 0120     		movs	r0, #1
 186 00a2 FFF7FEFF 		bl	COL1_Write
 187              	.LVL24:
  63:keypad.c      **** 
  64:keypad.c      ****     COL2_Write(0);
 188              		.loc 1 64 0
 189 00a6 0020     		movs	r0, #0
 190 00a8 FFF7FEFF 		bl	COL2_Write
 191              	.LVL25:
  65:keypad.c      ****     CyDelay(KBD_DELAY);
 192              		.loc 1 65 0
 193 00ac 0520     		movs	r0, #5
 194 00ae FFF7FEFF 		bl	CyDelay
 195              	.LVL26:
  66:keypad.c      ****     if (!ROW0_Read()) {
 196              		.loc 1 66 0
 197 00b2 FFF7FEFF 		bl	ROW0_Read
 198              	.LVL27:
 199 00b6 20B9     		cbnz	r0, .L13
  67:keypad.c      ****         COL2_Write(1);
 200              		.loc 1 67 0
 201 00b8 0120     		movs	r0, #1
 202 00ba FFF7FEFF 		bl	COL2_Write
 203              	.LVL28:
  68:keypad.c      ****         return('*');
 204              		.loc 1 68 0
 205 00be 2A20     		movs	r0, #42
 206 00c0 08BD     		pop	{r3, pc}
 207              	.L13:
  69:keypad.c      ****     }
  70:keypad.c      ****     if (!ROW1_Read()) {
 208              		.loc 1 70 0
 209 00c2 FFF7FEFF 		bl	ROW1_Read
 210              	.LVL29:
 211 00c6 20B9     		cbnz	r0, .L14
  71:keypad.c      ****         COL2_Write(1);
 212              		.loc 1 71 0
 213 00c8 0120     		movs	r0, #1
 214 00ca FFF7FEFF 		bl	COL2_Write
ARM GAS  C:\Users\vidan\AppData\Local\Temp\ccsI0sab.s 			page 6


 215              	.LVL30:
  72:keypad.c      ****         return('7');
 216              		.loc 1 72 0
 217 00ce 3720     		movs	r0, #55
 218 00d0 08BD     		pop	{r3, pc}
 219              	.L14:
  73:keypad.c      ****     }
  74:keypad.c      ****     if (!ROW2_Read()) {
 220              		.loc 1 74 0
 221 00d2 FFF7FEFF 		bl	ROW2_Read
 222              	.LVL31:
 223 00d6 20B9     		cbnz	r0, .L15
  75:keypad.c      ****         COL2_Write(1);
 224              		.loc 1 75 0
 225 00d8 0120     		movs	r0, #1
 226 00da FFF7FEFF 		bl	COL2_Write
 227              	.LVL32:
  76:keypad.c      ****         return('4');
 228              		.loc 1 76 0
 229 00de 3420     		movs	r0, #52
 230 00e0 08BD     		pop	{r3, pc}
 231              	.L15:
  77:keypad.c      ****     }
  78:keypad.c      ****     if (!ROW3_Read()) {
 232              		.loc 1 78 0
 233 00e2 FFF7FEFF 		bl	ROW3_Read
 234              	.LVL33:
 235 00e6 20B9     		cbnz	r0, .L16
  79:keypad.c      ****         COL2_Write(1);
 236              		.loc 1 79 0
 237 00e8 0120     		movs	r0, #1
 238 00ea FFF7FEFF 		bl	COL2_Write
 239              	.LVL34:
  80:keypad.c      ****         return('1');
 240              		.loc 1 80 0
 241 00ee 3120     		movs	r0, #49
 242 00f0 08BD     		pop	{r3, pc}
 243              	.L16:
  81:keypad.c      ****     }
  82:keypad.c      ****     COL2_Write(1);
 244              		.loc 1 82 0
 245 00f2 0120     		movs	r0, #1
 246 00f4 FFF7FEFF 		bl	COL2_Write
 247              	.LVL35:
  83:keypad.c      ****     
  84:keypad.c      ****     return('z');
 248              		.loc 1 84 0
 249 00f8 7A20     		movs	r0, #122
  85:keypad.c      **** }
 250              		.loc 1 85 0
 251 00fa 08BD     		pop	{r3, pc}
 252              		.cfi_endproc
 253              	.LFE64:
 254              		.size	keypadScan, .-keypadScan
 255              		.text
 256              	.Letext0:
 257              		.file 2 "c:\\program files (x86)\\cypress\\psoc creator\\4.3\\psoc creator\\import\\gnu\\arm\\5.4.
ARM GAS  C:\Users\vidan\AppData\Local\Temp\ccsI0sab.s 			page 7


 258              		.file 3 "c:\\program files (x86)\\cypress\\psoc creator\\4.3\\psoc creator\\import\\gnu\\arm\\5.4.
 259              		.file 4 "Generated_Source\\PSoC5/COL1.h"
 260              		.file 5 "Generated_Source\\PSoC5/CyLib.h"
 261              		.file 6 "Generated_Source\\PSoC5/ROW0.h"
 262              		.file 7 "Generated_Source\\PSoC5/ROW1.h"
 263              		.file 8 "Generated_Source\\PSoC5/ROW2.h"
 264              		.file 9 "Generated_Source\\PSoC5/ROW3.h"
 265              		.file 10 "Generated_Source\\PSoC5/COL2.h"
 266              		.file 11 "Generated_Source\\PSoC5/core_cm3.h"
 267              		.section	.debug_info,"",%progbits
 268              	.Ldebug_info0:
 269 0000 BA030000 		.4byte	0x3ba
 270 0004 0400     		.2byte	0x4
 271 0006 00000000 		.4byte	.Ldebug_abbrev0
 272 000a 04       		.byte	0x4
 273 000b 01       		.uleb128 0x1
 274 000c 4F000000 		.4byte	.LASF27
 275 0010 0C       		.byte	0xc
 276 0011 0E000000 		.4byte	.LASF28
 277 0015 BB010000 		.4byte	.LASF29
 278 0019 00000000 		.4byte	.Ldebug_ranges0+0
 279 001d 00000000 		.4byte	0
 280 0021 00000000 		.4byte	.Ldebug_line0
 281 0025 02       		.uleb128 0x2
 282 0026 01       		.byte	0x1
 283 0027 06       		.byte	0x6
 284 0028 18020000 		.4byte	.LASF0
 285 002c 03       		.uleb128 0x3
 286 002d 17000000 		.4byte	.LASF4
 287 0031 02       		.byte	0x2
 288 0032 1D       		.byte	0x1d
 289 0033 37000000 		.4byte	0x37
 290 0037 02       		.uleb128 0x2
 291 0038 01       		.byte	0x1
 292 0039 08       		.byte	0x8
 293 003a 19010000 		.4byte	.LASF1
 294 003e 02       		.uleb128 0x2
 295 003f 02       		.byte	0x2
 296 0040 05       		.byte	0x5
 297 0041 9C010000 		.4byte	.LASF2
 298 0045 02       		.uleb128 0x2
 299 0046 02       		.byte	0x2
 300 0047 07       		.byte	0x7
 301 0048 EF000000 		.4byte	.LASF3
 302 004c 03       		.uleb128 0x3
 303 004d 2B000000 		.4byte	.LASF5
 304 0051 02       		.byte	0x2
 305 0052 3F       		.byte	0x3f
 306 0053 57000000 		.4byte	0x57
 307 0057 02       		.uleb128 0x2
 308 0058 04       		.byte	0x4
 309 0059 05       		.byte	0x5
 310 005a 03020000 		.4byte	.LASF6
 311 005e 02       		.uleb128 0x2
 312 005f 04       		.byte	0x4
 313 0060 07       		.byte	0x7
 314 0061 DD000000 		.4byte	.LASF7
ARM GAS  C:\Users\vidan\AppData\Local\Temp\ccsI0sab.s 			page 8


 315 0065 02       		.uleb128 0x2
 316 0066 08       		.byte	0x8
 317 0067 05       		.byte	0x5
 318 0068 00000000 		.4byte	.LASF8
 319 006c 02       		.uleb128 0x2
 320 006d 08       		.byte	0x8
 321 006e 07       		.byte	0x7
 322 006f 3B010000 		.4byte	.LASF9
 323 0073 04       		.uleb128 0x4
 324 0074 04       		.byte	0x4
 325 0075 05       		.byte	0x5
 326 0076 696E7400 		.ascii	"int\000"
 327 007a 02       		.uleb128 0x2
 328 007b 04       		.byte	0x4
 329 007c 07       		.byte	0x7
 330 007d 2E010000 		.4byte	.LASF10
 331 0081 03       		.uleb128 0x3
 332 0082 52010000 		.4byte	.LASF11
 333 0086 03       		.byte	0x3
 334 0087 18       		.byte	0x18
 335 0088 2C000000 		.4byte	0x2c
 336 008c 03       		.uleb128 0x3
 337 008d 65010000 		.4byte	.LASF12
 338 0091 03       		.byte	0x3
 339 0092 2C       		.byte	0x2c
 340 0093 4C000000 		.4byte	0x4c
 341 0097 02       		.uleb128 0x2
 342 0098 04       		.byte	0x4
 343 0099 04       		.byte	0x4
 344 009a 3F000000 		.4byte	.LASF13
 345 009e 02       		.uleb128 0x2
 346 009f 08       		.byte	0x8
 347 00a0 04       		.byte	0x4
 348 00a1 27010000 		.4byte	.LASF14
 349 00a5 02       		.uleb128 0x2
 350 00a6 01       		.byte	0x1
 351 00a7 08       		.byte	0x8
 352 00a8 8C010000 		.4byte	.LASF15
 353 00ac 02       		.uleb128 0x2
 354 00ad 04       		.byte	0x4
 355 00ae 07       		.byte	0x7
 356 00af 6D010000 		.4byte	.LASF16
 357 00b3 02       		.uleb128 0x2
 358 00b4 08       		.byte	0x8
 359 00b5 04       		.byte	0x4
 360 00b6 0C020000 		.4byte	.LASF17
 361 00ba 05       		.uleb128 0x5
 362 00bb 76010000 		.4byte	.LASF30
 363 00bf 01       		.byte	0x1
 364 00c0 11       		.byte	0x11
 365 00c1 00000000 		.4byte	.LFB63
 366 00c5 16000000 		.4byte	.LFE63-.LFB63
 367 00c9 01       		.uleb128 0x1
 368 00ca 9C       		.byte	0x9c
 369 00cb 27010000 		.4byte	0x127
 370 00cf 06       		.uleb128 0x6
 371 00d0 5A010000 		.4byte	.LASF18
ARM GAS  C:\Users\vidan\AppData\Local\Temp\ccsI0sab.s 			page 9


 372 00d4 01       		.byte	0x1
 373 00d5 12       		.byte	0x12
 374 00d6 73000000 		.4byte	0x73
 375 00da E0000000 		.4byte	0xe0
 376 00de 07       		.uleb128 0x7
 377 00df 00       		.byte	0
 378 00e0 06       		.uleb128 0x6
 379 00e1 45000000 		.4byte	.LASF19
 380 00e5 01       		.byte	0x1
 381 00e6 14       		.byte	0x14
 382 00e7 73000000 		.4byte	0x73
 383 00eb F1000000 		.4byte	0xf1
 384 00ef 07       		.uleb128 0x7
 385 00f0 00       		.byte	0
 386 00f1 08       		.uleb128 0x8
 387 00f2 08000000 		.4byte	.LVL0
 388 00f6 5A030000 		.4byte	0x35a
 389 00fa 04010000 		.4byte	0x104
 390 00fe 09       		.uleb128 0x9
 391 00ff 01       		.uleb128 0x1
 392 0100 50       		.byte	0x50
 393 0101 01       		.uleb128 0x1
 394 0102 31       		.byte	0x31
 395 0103 00       		.byte	0
 396 0104 08       		.uleb128 0x8
 397 0105 0E000000 		.4byte	.LVL1
 398 0109 65030000 		.4byte	0x365
 399 010d 17010000 		.4byte	0x117
 400 0111 09       		.uleb128 0x9
 401 0112 01       		.uleb128 0x1
 402 0113 50       		.byte	0x50
 403 0114 01       		.uleb128 0x1
 404 0115 31       		.byte	0x31
 405 0116 00       		.byte	0
 406 0117 0A       		.uleb128 0xa
 407 0118 14000000 		.4byte	.LVL2
 408 011c 70030000 		.4byte	0x370
 409 0120 09       		.uleb128 0x9
 410 0121 01       		.uleb128 0x1
 411 0122 50       		.byte	0x50
 412 0123 01       		.uleb128 0x1
 413 0124 31       		.byte	0x31
 414 0125 00       		.byte	0
 415 0126 00       		.byte	0
 416 0127 0B       		.uleb128 0xb
 417 0128 91010000 		.4byte	.LASF31
 418 012c 01       		.byte	0x1
 419 012d 17       		.byte	0x17
 420 012e 81000000 		.4byte	0x81
 421 0132 00000000 		.4byte	.LFB64
 422 0136 FC000000 		.4byte	.LFE64-.LFB64
 423 013a 01       		.uleb128 0x1
 424 013b 9C       		.byte	0x9c
 425 013c 49030000 		.4byte	0x349
 426 0140 06       		.uleb128 0x6
 427 0141 5A010000 		.4byte	.LASF18
 428 0145 01       		.byte	0x1
ARM GAS  C:\Users\vidan\AppData\Local\Temp\ccsI0sab.s 			page 10


 429 0146 12       		.byte	0x12
 430 0147 73000000 		.4byte	0x73
 431 014b 51010000 		.4byte	0x151
 432 014f 07       		.uleb128 0x7
 433 0150 00       		.byte	0
 434 0151 08       		.uleb128 0x8
 435 0152 08000000 		.4byte	.LVL3
 436 0156 5A030000 		.4byte	0x35a
 437 015a 64010000 		.4byte	0x164
 438 015e 09       		.uleb128 0x9
 439 015f 01       		.uleb128 0x1
 440 0160 50       		.byte	0x50
 441 0161 01       		.uleb128 0x1
 442 0162 30       		.byte	0x30
 443 0163 00       		.byte	0
 444 0164 08       		.uleb128 0x8
 445 0165 0E000000 		.4byte	.LVL4
 446 0169 7B030000 		.4byte	0x37b
 447 016d 77010000 		.4byte	0x177
 448 0171 09       		.uleb128 0x9
 449 0172 01       		.uleb128 0x1
 450 0173 50       		.byte	0x50
 451 0174 01       		.uleb128 0x1
 452 0175 35       		.byte	0x35
 453 0176 00       		.byte	0
 454 0177 0C       		.uleb128 0xc
 455 0178 12000000 		.4byte	.LVL5
 456 017c 86030000 		.4byte	0x386
 457 0180 08       		.uleb128 0x8
 458 0181 1A000000 		.4byte	.LVL6
 459 0185 5A030000 		.4byte	0x35a
 460 0189 93010000 		.4byte	0x193
 461 018d 09       		.uleb128 0x9
 462 018e 01       		.uleb128 0x1
 463 018f 50       		.byte	0x50
 464 0190 01       		.uleb128 0x1
 465 0191 31       		.byte	0x31
 466 0192 00       		.byte	0
 467 0193 0C       		.uleb128 0xc
 468 0194 22000000 		.4byte	.LVL7
 469 0198 91030000 		.4byte	0x391
 470 019c 08       		.uleb128 0x8
 471 019d 2A000000 		.4byte	.LVL8
 472 01a1 5A030000 		.4byte	0x35a
 473 01a5 AF010000 		.4byte	0x1af
 474 01a9 09       		.uleb128 0x9
 475 01aa 01       		.uleb128 0x1
 476 01ab 50       		.byte	0x50
 477 01ac 01       		.uleb128 0x1
 478 01ad 31       		.byte	0x31
 479 01ae 00       		.byte	0
 480 01af 0C       		.uleb128 0xc
 481 01b0 32000000 		.4byte	.LVL9
 482 01b4 9C030000 		.4byte	0x39c
 483 01b8 08       		.uleb128 0x8
 484 01b9 3A000000 		.4byte	.LVL10
 485 01bd 5A030000 		.4byte	0x35a
ARM GAS  C:\Users\vidan\AppData\Local\Temp\ccsI0sab.s 			page 11


 486 01c1 CB010000 		.4byte	0x1cb
 487 01c5 09       		.uleb128 0x9
 488 01c6 01       		.uleb128 0x1
 489 01c7 50       		.byte	0x50
 490 01c8 01       		.uleb128 0x1
 491 01c9 31       		.byte	0x31
 492 01ca 00       		.byte	0
 493 01cb 0C       		.uleb128 0xc
 494 01cc 42000000 		.4byte	.LVL11
 495 01d0 A7030000 		.4byte	0x3a7
 496 01d4 08       		.uleb128 0x8
 497 01d5 4A000000 		.4byte	.LVL12
 498 01d9 5A030000 		.4byte	0x35a
 499 01dd E7010000 		.4byte	0x1e7
 500 01e1 09       		.uleb128 0x9
 501 01e2 01       		.uleb128 0x1
 502 01e3 50       		.byte	0x50
 503 01e4 01       		.uleb128 0x1
 504 01e5 31       		.byte	0x31
 505 01e6 00       		.byte	0
 506 01e7 08       		.uleb128 0x8
 507 01e8 54000000 		.4byte	.LVL13
 508 01ec 5A030000 		.4byte	0x35a
 509 01f0 FA010000 		.4byte	0x1fa
 510 01f4 09       		.uleb128 0x9
 511 01f5 01       		.uleb128 0x1
 512 01f6 50       		.byte	0x50
 513 01f7 01       		.uleb128 0x1
 514 01f8 31       		.byte	0x31
 515 01f9 00       		.byte	0
 516 01fa 08       		.uleb128 0x8
 517 01fb 5A000000 		.4byte	.LVL14
 518 01ff 65030000 		.4byte	0x365
 519 0203 0D020000 		.4byte	0x20d
 520 0207 09       		.uleb128 0x9
 521 0208 01       		.uleb128 0x1
 522 0209 50       		.byte	0x50
 523 020a 01       		.uleb128 0x1
 524 020b 30       		.byte	0x30
 525 020c 00       		.byte	0
 526 020d 08       		.uleb128 0x8
 527 020e 60000000 		.4byte	.LVL15
 528 0212 7B030000 		.4byte	0x37b
 529 0216 20020000 		.4byte	0x220
 530 021a 09       		.uleb128 0x9
 531 021b 01       		.uleb128 0x1
 532 021c 50       		.byte	0x50
 533 021d 01       		.uleb128 0x1
 534 021e 35       		.byte	0x35
 535 021f 00       		.byte	0
 536 0220 0C       		.uleb128 0xc
 537 0221 64000000 		.4byte	.LVL16
 538 0225 86030000 		.4byte	0x386
 539 0229 08       		.uleb128 0x8
 540 022a 6C000000 		.4byte	.LVL17
 541 022e 65030000 		.4byte	0x365
 542 0232 3C020000 		.4byte	0x23c
ARM GAS  C:\Users\vidan\AppData\Local\Temp\ccsI0sab.s 			page 12


 543 0236 09       		.uleb128 0x9
 544 0237 01       		.uleb128 0x1
 545 0238 50       		.byte	0x50
 546 0239 01       		.uleb128 0x1
 547 023a 31       		.byte	0x31
 548 023b 00       		.byte	0
 549 023c 0C       		.uleb128 0xc
 550 023d 74000000 		.4byte	.LVL18
 551 0241 91030000 		.4byte	0x391
 552 0245 08       		.uleb128 0x8
 553 0246 7C000000 		.4byte	.LVL19
 554 024a 65030000 		.4byte	0x365
 555 024e 58020000 		.4byte	0x258
 556 0252 09       		.uleb128 0x9
 557 0253 01       		.uleb128 0x1
 558 0254 50       		.byte	0x50
 559 0255 01       		.uleb128 0x1
 560 0256 31       		.byte	0x31
 561 0257 00       		.byte	0
 562 0258 0C       		.uleb128 0xc
 563 0259 84000000 		.4byte	.LVL20
 564 025d 9C030000 		.4byte	0x39c
 565 0261 08       		.uleb128 0x8
 566 0262 8C000000 		.4byte	.LVL21
 567 0266 65030000 		.4byte	0x365
 568 026a 74020000 		.4byte	0x274
 569 026e 09       		.uleb128 0x9
 570 026f 01       		.uleb128 0x1
 571 0270 50       		.byte	0x50
 572 0271 01       		.uleb128 0x1
 573 0272 31       		.byte	0x31
 574 0273 00       		.byte	0
 575 0274 0C       		.uleb128 0xc
 576 0275 94000000 		.4byte	.LVL22
 577 0279 A7030000 		.4byte	0x3a7
 578 027d 08       		.uleb128 0x8
 579 027e 9C000000 		.4byte	.LVL23
 580 0282 65030000 		.4byte	0x365
 581 0286 90020000 		.4byte	0x290
 582 028a 09       		.uleb128 0x9
 583 028b 01       		.uleb128 0x1
 584 028c 50       		.byte	0x50
 585 028d 01       		.uleb128 0x1
 586 028e 31       		.byte	0x31
 587 028f 00       		.byte	0
 588 0290 08       		.uleb128 0x8
 589 0291 A6000000 		.4byte	.LVL24
 590 0295 65030000 		.4byte	0x365
 591 0299 A3020000 		.4byte	0x2a3
 592 029d 09       		.uleb128 0x9
 593 029e 01       		.uleb128 0x1
 594 029f 50       		.byte	0x50
 595 02a0 01       		.uleb128 0x1
 596 02a1 31       		.byte	0x31
 597 02a2 00       		.byte	0
 598 02a3 08       		.uleb128 0x8
 599 02a4 AC000000 		.4byte	.LVL25
ARM GAS  C:\Users\vidan\AppData\Local\Temp\ccsI0sab.s 			page 13


 600 02a8 B2030000 		.4byte	0x3b2
 601 02ac B6020000 		.4byte	0x2b6
 602 02b0 09       		.uleb128 0x9
 603 02b1 01       		.uleb128 0x1
 604 02b2 50       		.byte	0x50
 605 02b3 01       		.uleb128 0x1
 606 02b4 30       		.byte	0x30
 607 02b5 00       		.byte	0
 608 02b6 08       		.uleb128 0x8
 609 02b7 B2000000 		.4byte	.LVL26
 610 02bb 7B030000 		.4byte	0x37b
 611 02bf C9020000 		.4byte	0x2c9
 612 02c3 09       		.uleb128 0x9
 613 02c4 01       		.uleb128 0x1
 614 02c5 50       		.byte	0x50
 615 02c6 01       		.uleb128 0x1
 616 02c7 35       		.byte	0x35
 617 02c8 00       		.byte	0
 618 02c9 0C       		.uleb128 0xc
 619 02ca B6000000 		.4byte	.LVL27
 620 02ce 86030000 		.4byte	0x386
 621 02d2 08       		.uleb128 0x8
 622 02d3 BE000000 		.4byte	.LVL28
 623 02d7 B2030000 		.4byte	0x3b2
 624 02db E5020000 		.4byte	0x2e5
 625 02df 09       		.uleb128 0x9
 626 02e0 01       		.uleb128 0x1
 627 02e1 50       		.byte	0x50
 628 02e2 01       		.uleb128 0x1
 629 02e3 31       		.byte	0x31
 630 02e4 00       		.byte	0
 631 02e5 0C       		.uleb128 0xc
 632 02e6 C6000000 		.4byte	.LVL29
 633 02ea 91030000 		.4byte	0x391
 634 02ee 08       		.uleb128 0x8
 635 02ef CE000000 		.4byte	.LVL30
 636 02f3 B2030000 		.4byte	0x3b2
 637 02f7 01030000 		.4byte	0x301
 638 02fb 09       		.uleb128 0x9
 639 02fc 01       		.uleb128 0x1
 640 02fd 50       		.byte	0x50
 641 02fe 01       		.uleb128 0x1
 642 02ff 31       		.byte	0x31
 643 0300 00       		.byte	0
 644 0301 0C       		.uleb128 0xc
 645 0302 D6000000 		.4byte	.LVL31
 646 0306 9C030000 		.4byte	0x39c
 647 030a 08       		.uleb128 0x8
 648 030b DE000000 		.4byte	.LVL32
 649 030f B2030000 		.4byte	0x3b2
 650 0313 1D030000 		.4byte	0x31d
 651 0317 09       		.uleb128 0x9
 652 0318 01       		.uleb128 0x1
 653 0319 50       		.byte	0x50
 654 031a 01       		.uleb128 0x1
 655 031b 31       		.byte	0x31
 656 031c 00       		.byte	0
ARM GAS  C:\Users\vidan\AppData\Local\Temp\ccsI0sab.s 			page 14


 657 031d 0C       		.uleb128 0xc
 658 031e E6000000 		.4byte	.LVL33
 659 0322 A7030000 		.4byte	0x3a7
 660 0326 08       		.uleb128 0x8
 661 0327 EE000000 		.4byte	.LVL34
 662 032b B2030000 		.4byte	0x3b2
 663 032f 39030000 		.4byte	0x339
 664 0333 09       		.uleb128 0x9
 665 0334 01       		.uleb128 0x1
 666 0335 50       		.byte	0x50
 667 0336 01       		.uleb128 0x1
 668 0337 31       		.byte	0x31
 669 0338 00       		.byte	0
 670 0339 0A       		.uleb128 0xa
 671 033a F8000000 		.4byte	.LVL35
 672 033e B2030000 		.4byte	0x3b2
 673 0342 09       		.uleb128 0x9
 674 0343 01       		.uleb128 0x1
 675 0344 50       		.byte	0x50
 676 0345 01       		.uleb128 0x1
 677 0346 31       		.byte	0x31
 678 0347 00       		.byte	0
 679 0348 00       		.byte	0
 680 0349 0D       		.uleb128 0xd
 681 034a 0C010000 		.4byte	.LASF32
 682 034e 0B       		.byte	0xb
 683 034f 1207     		.2byte	0x712
 684 0351 55030000 		.4byte	0x355
 685 0355 0E       		.uleb128 0xe
 686 0356 8C000000 		.4byte	0x8c
 687 035a 0F       		.uleb128 0xf
 688 035b 5A010000 		.4byte	.LASF18
 689 035f 5A010000 		.4byte	.LASF18
 690 0363 01       		.byte	0x1
 691 0364 12       		.byte	0x12
 692 0365 0F       		.uleb128 0xf
 693 0366 81010000 		.4byte	.LASF20
 694 036a 81010000 		.4byte	.LASF20
 695 036e 04       		.byte	0x4
 696 036f 26       		.byte	0x26
 697 0370 0F       		.uleb128 0xf
 698 0371 45000000 		.4byte	.LASF19
 699 0375 45000000 		.4byte	.LASF19
 700 0379 01       		.byte	0x1
 701 037a 14       		.byte	0x14
 702 037b 0F       		.uleb128 0xf
 703 037c 24020000 		.4byte	.LASF21
 704 0380 24020000 		.4byte	.LASF21
 705 0384 05       		.byte	0x5
 706 0385 76       		.byte	0x76
 707 0386 0F       		.uleb128 0xf
 708 0387 35000000 		.4byte	.LASF22
 709 038b 35000000 		.4byte	.LASF22
 710 038f 06       		.byte	0x6
 711 0390 29       		.byte	0x29
 712 0391 0F       		.uleb128 0xf
 713 0392 02010000 		.4byte	.LASF23
ARM GAS  C:\Users\vidan\AppData\Local\Temp\ccsI0sab.s 			page 15


 714 0396 02010000 		.4byte	.LASF23
 715 039a 07       		.byte	0x7
 716 039b 29       		.byte	0x29
 717 039c 0F       		.uleb128 0xf
 718 039d B1010000 		.4byte	.LASF24
 719 03a1 B1010000 		.4byte	.LASF24
 720 03a5 08       		.byte	0x8
 721 03a6 29       		.byte	0x29
 722 03a7 0F       		.uleb128 0xf
 723 03a8 21000000 		.4byte	.LASF25
 724 03ac 21000000 		.4byte	.LASF25
 725 03b0 09       		.byte	0x9
 726 03b1 29       		.byte	0x29
 727 03b2 0F       		.uleb128 0xf
 728 03b3 A6010000 		.4byte	.LASF26
 729 03b7 A6010000 		.4byte	.LASF26
 730 03bb 0A       		.byte	0xa
 731 03bc 26       		.byte	0x26
 732 03bd 00       		.byte	0
 733              		.section	.debug_abbrev,"",%progbits
 734              	.Ldebug_abbrev0:
 735 0000 01       		.uleb128 0x1
 736 0001 11       		.uleb128 0x11
 737 0002 01       		.byte	0x1
 738 0003 25       		.uleb128 0x25
 739 0004 0E       		.uleb128 0xe
 740 0005 13       		.uleb128 0x13
 741 0006 0B       		.uleb128 0xb
 742 0007 03       		.uleb128 0x3
 743 0008 0E       		.uleb128 0xe
 744 0009 1B       		.uleb128 0x1b
 745 000a 0E       		.uleb128 0xe
 746 000b 55       		.uleb128 0x55
 747 000c 17       		.uleb128 0x17
 748 000d 11       		.uleb128 0x11
 749 000e 01       		.uleb128 0x1
 750 000f 10       		.uleb128 0x10
 751 0010 17       		.uleb128 0x17
 752 0011 00       		.byte	0
 753 0012 00       		.byte	0
 754 0013 02       		.uleb128 0x2
 755 0014 24       		.uleb128 0x24
 756 0015 00       		.byte	0
 757 0016 0B       		.uleb128 0xb
 758 0017 0B       		.uleb128 0xb
 759 0018 3E       		.uleb128 0x3e
 760 0019 0B       		.uleb128 0xb
 761 001a 03       		.uleb128 0x3
 762 001b 0E       		.uleb128 0xe
 763 001c 00       		.byte	0
 764 001d 00       		.byte	0
 765 001e 03       		.uleb128 0x3
 766 001f 16       		.uleb128 0x16
 767 0020 00       		.byte	0
 768 0021 03       		.uleb128 0x3
 769 0022 0E       		.uleb128 0xe
 770 0023 3A       		.uleb128 0x3a
ARM GAS  C:\Users\vidan\AppData\Local\Temp\ccsI0sab.s 			page 16


 771 0024 0B       		.uleb128 0xb
 772 0025 3B       		.uleb128 0x3b
 773 0026 0B       		.uleb128 0xb
 774 0027 49       		.uleb128 0x49
 775 0028 13       		.uleb128 0x13
 776 0029 00       		.byte	0
 777 002a 00       		.byte	0
 778 002b 04       		.uleb128 0x4
 779 002c 24       		.uleb128 0x24
 780 002d 00       		.byte	0
 781 002e 0B       		.uleb128 0xb
 782 002f 0B       		.uleb128 0xb
 783 0030 3E       		.uleb128 0x3e
 784 0031 0B       		.uleb128 0xb
 785 0032 03       		.uleb128 0x3
 786 0033 08       		.uleb128 0x8
 787 0034 00       		.byte	0
 788 0035 00       		.byte	0
 789 0036 05       		.uleb128 0x5
 790 0037 2E       		.uleb128 0x2e
 791 0038 01       		.byte	0x1
 792 0039 3F       		.uleb128 0x3f
 793 003a 19       		.uleb128 0x19
 794 003b 03       		.uleb128 0x3
 795 003c 0E       		.uleb128 0xe
 796 003d 3A       		.uleb128 0x3a
 797 003e 0B       		.uleb128 0xb
 798 003f 3B       		.uleb128 0x3b
 799 0040 0B       		.uleb128 0xb
 800 0041 27       		.uleb128 0x27
 801 0042 19       		.uleb128 0x19
 802 0043 11       		.uleb128 0x11
 803 0044 01       		.uleb128 0x1
 804 0045 12       		.uleb128 0x12
 805 0046 06       		.uleb128 0x6
 806 0047 40       		.uleb128 0x40
 807 0048 18       		.uleb128 0x18
 808 0049 9742     		.uleb128 0x2117
 809 004b 19       		.uleb128 0x19
 810 004c 01       		.uleb128 0x1
 811 004d 13       		.uleb128 0x13
 812 004e 00       		.byte	0
 813 004f 00       		.byte	0
 814 0050 06       		.uleb128 0x6
 815 0051 2E       		.uleb128 0x2e
 816 0052 01       		.byte	0x1
 817 0053 3F       		.uleb128 0x3f
 818 0054 19       		.uleb128 0x19
 819 0055 03       		.uleb128 0x3
 820 0056 0E       		.uleb128 0xe
 821 0057 3A       		.uleb128 0x3a
 822 0058 0B       		.uleb128 0xb
 823 0059 3B       		.uleb128 0x3b
 824 005a 0B       		.uleb128 0xb
 825 005b 49       		.uleb128 0x49
 826 005c 13       		.uleb128 0x13
 827 005d 3C       		.uleb128 0x3c
ARM GAS  C:\Users\vidan\AppData\Local\Temp\ccsI0sab.s 			page 17


 828 005e 19       		.uleb128 0x19
 829 005f 01       		.uleb128 0x1
 830 0060 13       		.uleb128 0x13
 831 0061 00       		.byte	0
 832 0062 00       		.byte	0
 833 0063 07       		.uleb128 0x7
 834 0064 18       		.uleb128 0x18
 835 0065 00       		.byte	0
 836 0066 00       		.byte	0
 837 0067 00       		.byte	0
 838 0068 08       		.uleb128 0x8
 839 0069 898201   		.uleb128 0x4109
 840 006c 01       		.byte	0x1
 841 006d 11       		.uleb128 0x11
 842 006e 01       		.uleb128 0x1
 843 006f 31       		.uleb128 0x31
 844 0070 13       		.uleb128 0x13
 845 0071 01       		.uleb128 0x1
 846 0072 13       		.uleb128 0x13
 847 0073 00       		.byte	0
 848 0074 00       		.byte	0
 849 0075 09       		.uleb128 0x9
 850 0076 8A8201   		.uleb128 0x410a
 851 0079 00       		.byte	0
 852 007a 02       		.uleb128 0x2
 853 007b 18       		.uleb128 0x18
 854 007c 9142     		.uleb128 0x2111
 855 007e 18       		.uleb128 0x18
 856 007f 00       		.byte	0
 857 0080 00       		.byte	0
 858 0081 0A       		.uleb128 0xa
 859 0082 898201   		.uleb128 0x4109
 860 0085 01       		.byte	0x1
 861 0086 11       		.uleb128 0x11
 862 0087 01       		.uleb128 0x1
 863 0088 31       		.uleb128 0x31
 864 0089 13       		.uleb128 0x13
 865 008a 00       		.byte	0
 866 008b 00       		.byte	0
 867 008c 0B       		.uleb128 0xb
 868 008d 2E       		.uleb128 0x2e
 869 008e 01       		.byte	0x1
 870 008f 3F       		.uleb128 0x3f
 871 0090 19       		.uleb128 0x19
 872 0091 03       		.uleb128 0x3
 873 0092 0E       		.uleb128 0xe
 874 0093 3A       		.uleb128 0x3a
 875 0094 0B       		.uleb128 0xb
 876 0095 3B       		.uleb128 0x3b
 877 0096 0B       		.uleb128 0xb
 878 0097 27       		.uleb128 0x27
 879 0098 19       		.uleb128 0x19
 880 0099 49       		.uleb128 0x49
 881 009a 13       		.uleb128 0x13
 882 009b 11       		.uleb128 0x11
 883 009c 01       		.uleb128 0x1
 884 009d 12       		.uleb128 0x12
ARM GAS  C:\Users\vidan\AppData\Local\Temp\ccsI0sab.s 			page 18


 885 009e 06       		.uleb128 0x6
 886 009f 40       		.uleb128 0x40
 887 00a0 18       		.uleb128 0x18
 888 00a1 9742     		.uleb128 0x2117
 889 00a3 19       		.uleb128 0x19
 890 00a4 01       		.uleb128 0x1
 891 00a5 13       		.uleb128 0x13
 892 00a6 00       		.byte	0
 893 00a7 00       		.byte	0
 894 00a8 0C       		.uleb128 0xc
 895 00a9 898201   		.uleb128 0x4109
 896 00ac 00       		.byte	0
 897 00ad 11       		.uleb128 0x11
 898 00ae 01       		.uleb128 0x1
 899 00af 31       		.uleb128 0x31
 900 00b0 13       		.uleb128 0x13
 901 00b1 00       		.byte	0
 902 00b2 00       		.byte	0
 903 00b3 0D       		.uleb128 0xd
 904 00b4 34       		.uleb128 0x34
 905 00b5 00       		.byte	0
 906 00b6 03       		.uleb128 0x3
 907 00b7 0E       		.uleb128 0xe
 908 00b8 3A       		.uleb128 0x3a
 909 00b9 0B       		.uleb128 0xb
 910 00ba 3B       		.uleb128 0x3b
 911 00bb 05       		.uleb128 0x5
 912 00bc 49       		.uleb128 0x49
 913 00bd 13       		.uleb128 0x13
 914 00be 3F       		.uleb128 0x3f
 915 00bf 19       		.uleb128 0x19
 916 00c0 3C       		.uleb128 0x3c
 917 00c1 19       		.uleb128 0x19
 918 00c2 00       		.byte	0
 919 00c3 00       		.byte	0
 920 00c4 0E       		.uleb128 0xe
 921 00c5 35       		.uleb128 0x35
 922 00c6 00       		.byte	0
 923 00c7 49       		.uleb128 0x49
 924 00c8 13       		.uleb128 0x13
 925 00c9 00       		.byte	0
 926 00ca 00       		.byte	0
 927 00cb 0F       		.uleb128 0xf
 928 00cc 2E       		.uleb128 0x2e
 929 00cd 00       		.byte	0
 930 00ce 3F       		.uleb128 0x3f
 931 00cf 19       		.uleb128 0x19
 932 00d0 3C       		.uleb128 0x3c
 933 00d1 19       		.uleb128 0x19
 934 00d2 6E       		.uleb128 0x6e
 935 00d3 0E       		.uleb128 0xe
 936 00d4 03       		.uleb128 0x3
 937 00d5 0E       		.uleb128 0xe
 938 00d6 3A       		.uleb128 0x3a
 939 00d7 0B       		.uleb128 0xb
 940 00d8 3B       		.uleb128 0x3b
 941 00d9 0B       		.uleb128 0xb
ARM GAS  C:\Users\vidan\AppData\Local\Temp\ccsI0sab.s 			page 19


 942 00da 00       		.byte	0
 943 00db 00       		.byte	0
 944 00dc 00       		.byte	0
 945              		.section	.debug_aranges,"",%progbits
 946 0000 24000000 		.4byte	0x24
 947 0004 0200     		.2byte	0x2
 948 0006 00000000 		.4byte	.Ldebug_info0
 949 000a 04       		.byte	0x4
 950 000b 00       		.byte	0
 951 000c 0000     		.2byte	0
 952 000e 0000     		.2byte	0
 953 0010 00000000 		.4byte	.LFB63
 954 0014 16000000 		.4byte	.LFE63-.LFB63
 955 0018 00000000 		.4byte	.LFB64
 956 001c FC000000 		.4byte	.LFE64-.LFB64
 957 0020 00000000 		.4byte	0
 958 0024 00000000 		.4byte	0
 959              		.section	.debug_ranges,"",%progbits
 960              	.Ldebug_ranges0:
 961 0000 00000000 		.4byte	.LFB63
 962 0004 16000000 		.4byte	.LFE63
 963 0008 00000000 		.4byte	.LFB64
 964 000c FC000000 		.4byte	.LFE64
 965 0010 00000000 		.4byte	0
 966 0014 00000000 		.4byte	0
 967              		.section	.debug_line,"",%progbits
 968              	.Ldebug_line0:
 969 0000 DE010000 		.section	.debug_str,"MS",%progbits,1
 969      02008801 
 969      00000201 
 969      FB0E0D00 
 969      01010101 
 970              	.LASF8:
 971 0000 6C6F6E67 		.ascii	"long long int\000"
 971      206C6F6E 
 971      6720696E 
 971      7400
 972              	.LASF28:
 973 000e 6B657970 		.ascii	"keypad.c\000"
 973      61642E63 
 973      00
 974              	.LASF4:
 975 0017 5F5F7569 		.ascii	"__uint8_t\000"
 975      6E74385F 
 975      7400
 976              	.LASF25:
 977 0021 524F5733 		.ascii	"ROW3_Read\000"
 977      5F526561 
 977      6400
 978              	.LASF5:
 979 002b 5F5F696E 		.ascii	"__int32_t\000"
 979      7433325F 
 979      7400
 980              	.LASF22:
 981 0035 524F5730 		.ascii	"ROW0_Read\000"
 981      5F526561 
 981      6400
ARM GAS  C:\Users\vidan\AppData\Local\Temp\ccsI0sab.s 			page 20


 982              	.LASF13:
 983 003f 666C6F61 		.ascii	"float\000"
 983      7400
 984              	.LASF19:
 985 0045 434F4C32 		.ascii	"COL2Write\000"
 985      57726974 
 985      6500
 986              	.LASF27:
 987 004f 474E5520 		.ascii	"GNU C11 5.4.1 20160609 (release) [ARM/embedded-5-br"
 987      43313120 
 987      352E342E 
 987      31203230 
 987      31363036 
 988 0082 616E6368 		.ascii	"anch revision 237715] -mcpu=cortex-m3 -mthumb -g -O"
 988      20726576 
 988      6973696F 
 988      6E203233 
 988      37373135 
 989 00b5 67202D66 		.ascii	"g -ffunction-sections -ffat-lto-objects\000"
 989      66756E63 
 989      74696F6E 
 989      2D736563 
 989      74696F6E 
 990              	.LASF7:
 991 00dd 6C6F6E67 		.ascii	"long unsigned int\000"
 991      20756E73 
 991      69676E65 
 991      6420696E 
 991      7400
 992              	.LASF3:
 993 00ef 73686F72 		.ascii	"short unsigned int\000"
 993      7420756E 
 993      7369676E 
 993      65642069 
 993      6E7400
 994              	.LASF23:
 995 0102 524F5731 		.ascii	"ROW1_Read\000"
 995      5F526561 
 995      6400
 996              	.LASF32:
 997 010c 49544D5F 		.ascii	"ITM_RxBuffer\000"
 997      52784275 
 997      66666572 
 997      00
 998              	.LASF1:
 999 0119 756E7369 		.ascii	"unsigned char\000"
 999      676E6564 
 999      20636861 
 999      7200
 1000              	.LASF14:
 1001 0127 646F7562 		.ascii	"double\000"
 1001      6C6500
 1002              	.LASF10:
 1003 012e 756E7369 		.ascii	"unsigned int\000"
 1003      676E6564 
 1003      20696E74 
 1003      00
ARM GAS  C:\Users\vidan\AppData\Local\Temp\ccsI0sab.s 			page 21


 1004              	.LASF9:
 1005 013b 6C6F6E67 		.ascii	"long long unsigned int\000"
 1005      206C6F6E 
 1005      6720756E 
 1005      7369676E 
 1005      65642069 
 1006              	.LASF11:
 1007 0152 75696E74 		.ascii	"uint8_t\000"
 1007      385F7400 
 1008              	.LASF18:
 1009 015a 434F4C30 		.ascii	"COL0_Write\000"
 1009      5F577269 
 1009      746500
 1010              	.LASF12:
 1011 0165 696E7433 		.ascii	"int32_t\000"
 1011      325F7400 
 1012              	.LASF16:
 1013 016d 73697A65 		.ascii	"sizetype\000"
 1013      74797065 
 1013      00
 1014              	.LASF30:
 1015 0176 6B657970 		.ascii	"keypadInit\000"
 1015      6164496E 
 1015      697400
 1016              	.LASF20:
 1017 0181 434F4C31 		.ascii	"COL1_Write\000"
 1017      5F577269 
 1017      746500
 1018              	.LASF15:
 1019 018c 63686172 		.ascii	"char\000"
 1019      00
 1020              	.LASF31:
 1021 0191 6B657970 		.ascii	"keypadScan\000"
 1021      61645363 
 1021      616E00
 1022              	.LASF2:
 1023 019c 73686F72 		.ascii	"short int\000"
 1023      7420696E 
 1023      7400
 1024              	.LASF26:
 1025 01a6 434F4C32 		.ascii	"COL2_Write\000"
 1025      5F577269 
 1025      746500
 1026              	.LASF24:
 1027 01b1 524F5732 		.ascii	"ROW2_Read\000"
 1027      5F526561 
 1027      6400
 1028              	.LASF29:
 1029 01bb 433A5C55 		.ascii	"C:\\Users\\vidan\\Documents\\GitHub\\DigitalElectro"
 1029      73657273 
 1029      5C766964 
 1029      616E5C44 
 1029      6F63756D 
 1030 01e9 6E696373 		.ascii	"nicsProject\\Project.cydsn\000"
 1030      50726F6A 
 1030      6563745C 
 1030      50726F6A 
ARM GAS  C:\Users\vidan\AppData\Local\Temp\ccsI0sab.s 			page 22


 1030      6563742E 
 1031              	.LASF6:
 1032 0203 6C6F6E67 		.ascii	"long int\000"
 1032      20696E74 
 1032      00
 1033              	.LASF17:
 1034 020c 6C6F6E67 		.ascii	"long double\000"
 1034      20646F75 
 1034      626C6500 
 1035              	.LASF0:
 1036 0218 7369676E 		.ascii	"signed char\000"
 1036      65642063 
 1036      68617200 
 1037              	.LASF21:
 1038 0224 43794465 		.ascii	"CyDelay\000"
 1038      6C617900 
 1039              		.ident	"GCC: (GNU Tools for ARM Embedded Processors) 5.4.1 20160609 (release) [ARM/embedded-5-bran
