ARM GAS  C:\Users\vidan\AppData\Local\Temp\cc8gr6o6.s 			page 1


   1              		.syntax unified
   2              		.cpu cortex-m3
   3              		.fpu softvfp
   4              		.eabi_attribute 20, 1
   5              		.eabi_attribute 21, 1
   6              		.eabi_attribute 23, 3
   7              		.eabi_attribute 24, 1
   8              		.eabi_attribute 25, 1
   9              		.eabi_attribute 26, 1
  10              		.eabi_attribute 30, 1
  11              		.eabi_attribute 34, 1
  12              		.eabi_attribute 18, 4
  13              		.thumb
  14              		.syntax unified
  15              		.file	"main.c"
  16              		.text
  17              	.Ltext0:
  18              		.cfi_sections	.debug_frame
  19              		.section	.text.append,"ax",%progbits
  20              		.align	2
  21              		.global	append
  22              		.thumb
  23              		.thumb_func
  24              		.type	append, %function
  25              	append:
  26              	.LFB63:
  27              		.file 1 "main.c"
   1:main.c        **** /* ========================================
   2:main.c        ****  *
   3:main.c        ****  * Copyright YOUR COMPANY, THE YEAR
   4:main.c        ****  * All Rights Reserved
   5:main.c        ****  * UNPUBLISHED, LICENSED SOFTWARE.
   6:main.c        ****  *
   7:main.c        ****  * CONFIDENTIAL AND PROPRIETARY INFORMATION
   8:main.c        ****  * WHICH IS THE PROPERTY OF your company.
   9:main.c        ****  *
  10:main.c        ****  * ========================================
  11:main.c        **** */
  12:main.c        **** #include "keypad.h"
  13:main.c        **** #include "project.h"
  14:main.c        **** typedef enum { false, true } bool;
  15:main.c        **** char * append(char * string1, char * string2)
  16:main.c        **** {
  28              		.loc 1 16 0
  29              		.cfi_startproc
  30              		@ args = 0, pretend = 0, frame = 8
  31              		@ frame_needed = 0, uses_anonymous_args = 0
  32              	.LVL0:
  33 0000 10B5     		push	{r4, lr}
  34              		.cfi_def_cfa_offset 8
  35              		.cfi_offset 4, -8
  36              		.cfi_offset 14, -4
  37 0002 82B0     		sub	sp, sp, #8
  38              		.cfi_def_cfa_offset 16
  17:main.c        ****     char * result = NULL;
  39              		.loc 1 17 0
  40 0004 02AC     		add	r4, sp, #8
ARM GAS  C:\Users\vidan\AppData\Local\Temp\cc8gr6o6.s 			page 2


  41 0006 0023     		movs	r3, #0
  42 0008 44F8043D 		str	r3, [r4, #-4]!
  18:main.c        ****     asprintf(&result, "%s%s", string1, string2);
  43              		.loc 1 18 0
  44 000c 0B46     		mov	r3, r1
  45 000e 0246     		mov	r2, r0
  46 0010 0349     		ldr	r1, .L3
  47              	.LVL1:
  48 0012 2046     		mov	r0, r4
  49              	.LVL2:
  50 0014 FFF7FEFF 		bl	asprintf
  51              	.LVL3:
  19:main.c        ****     return result;
  20:main.c        **** }
  52              		.loc 1 20 0
  53 0018 0198     		ldr	r0, [sp, #4]
  54 001a 02B0     		add	sp, sp, #8
  55              		.cfi_def_cfa_offset 8
  56              		@ sp needed
  57 001c 10BD     		pop	{r4, pc}
  58              	.L4:
  59 001e 00BF     		.align	2
  60              	.L3:
  61 0020 00000000 		.word	.LC0
  62              		.cfi_endproc
  63              	.LFE63:
  64              		.size	append, .-append
  65              		.section	.text.MakeLongLight,"ax",%progbits
  66              		.align	2
  67              		.global	MakeLongLight
  68              		.thumb
  69              		.thumb_func
  70              		.type	MakeLongLight, %function
  71              	MakeLongLight:
  72              	.LFB64:
  21:main.c        **** /// ET CA FAIT BIM BAM BOUM CA FAIT PSCHIT ET CA FAIT VROUM
  22:main.c        **** void MakeLongLight()
  23:main.c        **** {
  73              		.loc 1 23 0
  74              		.cfi_startproc
  75              		@ args = 0, pretend = 0, frame = 0
  76              		@ frame_needed = 0, uses_anonymous_args = 0
  77 0000 08B5     		push	{r3, lr}
  78              		.cfi_def_cfa_offset 8
  79              		.cfi_offset 3, -8
  80              		.cfi_offset 14, -4
  24:main.c        ****     D1_Write(1);
  81              		.loc 1 24 0
  82 0002 0120     		movs	r0, #1
  83 0004 FFF7FEFF 		bl	D1_Write
  84              	.LVL4:
  25:main.c        ****     D2_Write(1);
  85              		.loc 1 25 0
  86 0008 0120     		movs	r0, #1
  87 000a FFF7FEFF 		bl	D2_Write
  88              	.LVL5:
  26:main.c        ****     D3_Write(1);
ARM GAS  C:\Users\vidan\AppData\Local\Temp\cc8gr6o6.s 			page 3


  89              		.loc 1 26 0
  90 000e 0120     		movs	r0, #1
  91 0010 FFF7FEFF 		bl	D3_Write
  92              	.LVL6:
  27:main.c        ****     D4_Write(1);
  93              		.loc 1 27 0
  94 0014 0120     		movs	r0, #1
  95 0016 FFF7FEFF 		bl	D4_Write
  96              	.LVL7:
  28:main.c        ****     CyDelay(500);
  97              		.loc 1 28 0
  98 001a 4FF4FA70 		mov	r0, #500
  99 001e FFF7FEFF 		bl	CyDelay
 100              	.LVL8:
  29:main.c        ****     D1_Write(0);
 101              		.loc 1 29 0
 102 0022 0020     		movs	r0, #0
 103 0024 FFF7FEFF 		bl	D1_Write
 104              	.LVL9:
  30:main.c        ****     D2_Write(0);
 105              		.loc 1 30 0
 106 0028 0020     		movs	r0, #0
 107 002a FFF7FEFF 		bl	D2_Write
 108              	.LVL10:
  31:main.c        ****     D3_Write(0);
 109              		.loc 1 31 0
 110 002e 0020     		movs	r0, #0
 111 0030 FFF7FEFF 		bl	D3_Write
 112              	.LVL11:
  32:main.c        ****     D4_Write(0);
 113              		.loc 1 32 0
 114 0034 0020     		movs	r0, #0
 115 0036 FFF7FEFF 		bl	D4_Write
 116              	.LVL12:
  33:main.c        ****     CyDelay(250);
 117              		.loc 1 33 0
 118 003a FA20     		movs	r0, #250
 119 003c FFF7FEFF 		bl	CyDelay
 120              	.LVL13:
 121 0040 08BD     		pop	{r3, pc}
 122              		.cfi_endproc
 123              	.LFE64:
 124              		.size	MakeLongLight, .-MakeLongLight
 125 0042 00BF     		.section	.text.MakeShortLight,"ax",%progbits
 126              		.align	2
 127              		.global	MakeShortLight
 128              		.thumb
 129              		.thumb_func
 130              		.type	MakeShortLight, %function
 131              	MakeShortLight:
 132              	.LFB65:
  34:main.c        **** }
  35:main.c        **** /// Chip coup
  36:main.c        **** void MakeShortLight()
  37:main.c        **** {
 133              		.loc 1 37 0
 134              		.cfi_startproc
ARM GAS  C:\Users\vidan\AppData\Local\Temp\cc8gr6o6.s 			page 4


 135              		@ args = 0, pretend = 0, frame = 0
 136              		@ frame_needed = 0, uses_anonymous_args = 0
 137 0000 08B5     		push	{r3, lr}
 138              		.cfi_def_cfa_offset 8
 139              		.cfi_offset 3, -8
 140              		.cfi_offset 14, -4
  38:main.c        ****     D1_Write(1);
 141              		.loc 1 38 0
 142 0002 0120     		movs	r0, #1
 143 0004 FFF7FEFF 		bl	D1_Write
 144              	.LVL14:
  39:main.c        ****     D2_Write(1);
 145              		.loc 1 39 0
 146 0008 0120     		movs	r0, #1
 147 000a FFF7FEFF 		bl	D2_Write
 148              	.LVL15:
  40:main.c        ****     D3_Write(1);
 149              		.loc 1 40 0
 150 000e 0120     		movs	r0, #1
 151 0010 FFF7FEFF 		bl	D3_Write
 152              	.LVL16:
  41:main.c        ****     D4_Write(1);
 153              		.loc 1 41 0
 154 0014 0120     		movs	r0, #1
 155 0016 FFF7FEFF 		bl	D4_Write
 156              	.LVL17:
  42:main.c        ****     CyDelay(250);
 157              		.loc 1 42 0
 158 001a FA20     		movs	r0, #250
 159 001c FFF7FEFF 		bl	CyDelay
 160              	.LVL18:
  43:main.c        ****     D1_Write(0);
 161              		.loc 1 43 0
 162 0020 0020     		movs	r0, #0
 163 0022 FFF7FEFF 		bl	D1_Write
 164              	.LVL19:
  44:main.c        ****     D2_Write(0);
 165              		.loc 1 44 0
 166 0026 0020     		movs	r0, #0
 167 0028 FFF7FEFF 		bl	D2_Write
 168              	.LVL20:
  45:main.c        ****     D3_Write(0);
 169              		.loc 1 45 0
 170 002c 0020     		movs	r0, #0
 171 002e FFF7FEFF 		bl	D3_Write
 172              	.LVL21:
  46:main.c        ****     D4_Write(0);
 173              		.loc 1 46 0
 174 0032 0020     		movs	r0, #0
 175 0034 FFF7FEFF 		bl	D4_Write
 176              	.LVL22:
  47:main.c        ****     CyDelay(250);
 177              		.loc 1 47 0
 178 0038 FA20     		movs	r0, #250
 179 003a FFF7FEFF 		bl	CyDelay
 180              	.LVL23:
 181 003e 08BD     		pop	{r3, pc}
ARM GAS  C:\Users\vidan\AppData\Local\Temp\cc8gr6o6.s 			page 5


 182              		.cfi_endproc
 183              	.LFE65:
 184              		.size	MakeShortLight, .-MakeShortLight
 185              		.section	.text.LCDPrint,"ax",%progbits
 186              		.align	2
 187              		.global	LCDPrint
 188              		.thumb
 189              		.thumb_func
 190              		.type	LCDPrint, %function
 191              	LCDPrint:
 192              	.LFB66:
  48:main.c        **** }
  49:main.c        **** 
  50:main.c        **** void LCDPrint(char* string)
  51:main.c        **** {
 193              		.loc 1 51 0
 194              		.cfi_startproc
 195              		@ args = 0, pretend = 0, frame = 0
 196              		@ frame_needed = 0, uses_anonymous_args = 0
 197              	.LVL24:
 198 0000 10B5     		push	{r4, lr}
 199              		.cfi_def_cfa_offset 8
 200              		.cfi_offset 4, -8
 201              		.cfi_offset 14, -4
 202 0002 0446     		mov	r4, r0
  52:main.c        ****     LCD_Char_1_Position(0,0);
 203              		.loc 1 52 0
 204 0004 0021     		movs	r1, #0
 205 0006 0846     		mov	r0, r1
 206              	.LVL25:
 207 0008 FFF7FEFF 		bl	LCD_Char_1_Position
 208              	.LVL26:
  53:main.c        ****     LCD_Char_1_PrintString(string);
 209              		.loc 1 53 0
 210 000c 2046     		mov	r0, r4
 211 000e FFF7FEFF 		bl	LCD_Char_1_PrintString
 212              	.LVL27:
 213 0012 10BD     		pop	{r4, pc}
 214              		.cfi_endproc
 215              	.LFE66:
 216              		.size	LCDPrint, .-LCDPrint
 217              		.section	.text.Send,"ax",%progbits
 218              		.align	2
 219              		.global	Send
 220              		.thumb
 221              		.thumb_func
 222              		.type	Send, %function
 223              	Send:
 224              	.LFB67:
  54:main.c        **** }
  55:main.c        **** void Send(char* string)
  56:main.c        **** {
 225              		.loc 1 56 0
 226              		.cfi_startproc
 227              		@ args = 0, pretend = 0, frame = 0
 228              		@ frame_needed = 0, uses_anonymous_args = 0
 229              	.LVL28:
ARM GAS  C:\Users\vidan\AppData\Local\Temp\cc8gr6o6.s 			page 6


 230 0000 10B5     		push	{r4, lr}
 231              		.cfi_def_cfa_offset 8
 232              		.cfi_offset 4, -8
 233              		.cfi_offset 14, -4
 234 0002 0446     		mov	r4, r0
  57:main.c        ****     int i;  
  58:main.c        ****     if(strcmp(string, "SOS")){
 235              		.loc 1 58 0
 236 0004 3149     		ldr	r1, .L25
 237 0006 FFF7FEFF 		bl	strcmp
 238              	.LVL29:
 239 000a 20B3     		cbz	r0, .L12
  59:main.c        ****         LCDPrint("SOS");
 240              		.loc 1 59 0
 241 000c 2F48     		ldr	r0, .L25
 242 000e FFF7FEFF 		bl	LCDPrint
 243              	.LVL30:
  60:main.c        ****         for(i=1;i<3;i++){
 244              		.loc 1 60 0
 245 0012 0124     		movs	r4, #1
 246              	.LVL31:
 247 0014 02E0     		b	.L13
 248              	.LVL32:
 249              	.L14:
  61:main.c        ****             MakeShortLight();
 250              		.loc 1 61 0 discriminator 3
 251 0016 FFF7FEFF 		bl	MakeShortLight
 252              	.LVL33:
  60:main.c        ****         for(i=1;i<3;i++){
 253              		.loc 1 60 0 discriminator 3
 254 001a 0134     		adds	r4, r4, #1
 255              	.LVL34:
 256              	.L13:
  60:main.c        ****         for(i=1;i<3;i++){
 257              		.loc 1 60 0 is_stmt 0 discriminator 1
 258 001c 022C     		cmp	r4, #2
 259 001e FADD     		ble	.L14
  62:main.c        ****         }
  63:main.c        ****         CyDelay(500);
 260              		.loc 1 63 0 is_stmt 1
 261 0020 4FF4FA70 		mov	r0, #500
 262 0024 FFF7FEFF 		bl	CyDelay
 263              	.LVL35:
  64:main.c        ****         for(i=1;i<3;i++){
 264              		.loc 1 64 0
 265 0028 0124     		movs	r4, #1
 266 002a 02E0     		b	.L15
 267              	.LVL36:
 268              	.L16:
  65:main.c        ****             MakeLongLight();
 269              		.loc 1 65 0 discriminator 3
 270 002c FFF7FEFF 		bl	MakeLongLight
 271              	.LVL37:
  64:main.c        ****         for(i=1;i<3;i++){
 272              		.loc 1 64 0 discriminator 3
 273 0030 0134     		adds	r4, r4, #1
 274              	.LVL38:
ARM GAS  C:\Users\vidan\AppData\Local\Temp\cc8gr6o6.s 			page 7


 275              	.L15:
  64:main.c        ****         for(i=1;i<3;i++){
 276              		.loc 1 64 0 is_stmt 0 discriminator 1
 277 0032 022C     		cmp	r4, #2
 278 0034 FADD     		ble	.L16
  66:main.c        ****         }
  67:main.c        ****         CyDelay(500);
 279              		.loc 1 67 0 is_stmt 1
 280 0036 4FF4FA70 		mov	r0, #500
 281 003a FFF7FEFF 		bl	CyDelay
 282              	.LVL39:
  68:main.c        ****         for(i=1;i<3;i++){
 283              		.loc 1 68 0
 284 003e 0124     		movs	r4, #1
 285 0040 02E0     		b	.L17
 286              	.LVL40:
 287              	.L18:
  69:main.c        ****             MakeShortLight();
 288              		.loc 1 69 0 discriminator 3
 289 0042 FFF7FEFF 		bl	MakeShortLight
 290              	.LVL41:
  68:main.c        ****         for(i=1;i<3;i++){
 291              		.loc 1 68 0 discriminator 3
 292 0046 0134     		adds	r4, r4, #1
 293              	.LVL42:
 294              	.L17:
  68:main.c        ****         for(i=1;i<3;i++){
 295              		.loc 1 68 0 is_stmt 0 discriminator 1
 296 0048 022C     		cmp	r4, #2
 297 004a FADD     		ble	.L18
  70:main.c        ****         }
  71:main.c        ****         CyDelay(500);
 298              		.loc 1 71 0 is_stmt 1
 299 004c 4FF4FA70 		mov	r0, #500
 300 0050 FFF7FEFF 		bl	CyDelay
 301              	.LVL43:
 302 0054 35E0     		b	.L19
 303              	.LVL44:
 304              	.L12:
  72:main.c        ****     }
  73:main.c        ****     else if (strcmp(string,"BEAMS")){
 305              		.loc 1 73 0
 306 0056 1E49     		ldr	r1, .L25+4
 307 0058 2046     		mov	r0, r4
 308 005a FFF7FEFF 		bl	strcmp
 309              	.LVL45:
 310 005e 80B3     		cbz	r0, .L19
  74:main.c        ****         LCDPrint("BEAMS");
 311              		.loc 1 74 0
 312 0060 1B48     		ldr	r0, .L25+4
 313 0062 FFF7FEFF 		bl	LCDPrint
 314              	.LVL46:
  75:main.c        ****         MakeLongLight();
 315              		.loc 1 75 0
 316 0066 FFF7FEFF 		bl	MakeLongLight
 317              	.LVL47:
  76:main.c        ****         for(i=1;i<3;i++){
ARM GAS  C:\Users\vidan\AppData\Local\Temp\cc8gr6o6.s 			page 8


 318              		.loc 1 76 0
 319 006a 0124     		movs	r4, #1
 320              	.LVL48:
 321 006c 02E0     		b	.L20
 322              	.LVL49:
 323              	.L21:
  77:main.c        ****             MakeShortLight();
 324              		.loc 1 77 0 discriminator 3
 325 006e FFF7FEFF 		bl	MakeShortLight
 326              	.LVL50:
  76:main.c        ****         for(i=1;i<3;i++){
 327              		.loc 1 76 0 discriminator 3
 328 0072 0134     		adds	r4, r4, #1
 329              	.LVL51:
 330              	.L20:
  76:main.c        ****         for(i=1;i<3;i++){
 331              		.loc 1 76 0 is_stmt 0 discriminator 1
 332 0074 022C     		cmp	r4, #2
 333 0076 FADD     		ble	.L21
  78:main.c        ****         }
  79:main.c        ****         CyDelay(500);
 334              		.loc 1 79 0 is_stmt 1
 335 0078 4FF4FA70 		mov	r0, #500
 336 007c FFF7FEFF 		bl	CyDelay
 337              	.LVL52:
  80:main.c        ****         MakeShortLight();
 338              		.loc 1 80 0
 339 0080 FFF7FEFF 		bl	MakeShortLight
 340              	.LVL53:
  81:main.c        ****         CyDelay(500);
 341              		.loc 1 81 0
 342 0084 4FF4FA70 		mov	r0, #500
 343 0088 FFF7FEFF 		bl	CyDelay
 344              	.LVL54:
  82:main.c        ****         MakeShortLight();
 345              		.loc 1 82 0
 346 008c FFF7FEFF 		bl	MakeShortLight
 347              	.LVL55:
  83:main.c        ****         MakeLongLight();
 348              		.loc 1 83 0
 349 0090 FFF7FEFF 		bl	MakeLongLight
 350              	.LVL56:
  84:main.c        ****         CyDelay(500);
 351              		.loc 1 84 0
 352 0094 4FF4FA70 		mov	r0, #500
 353 0098 FFF7FEFF 		bl	CyDelay
 354              	.LVL57:
  85:main.c        ****         MakeLongLight();
 355              		.loc 1 85 0
 356 009c FFF7FEFF 		bl	MakeLongLight
 357              	.LVL58:
  86:main.c        ****         MakeLongLight();
 358              		.loc 1 86 0
 359 00a0 FFF7FEFF 		bl	MakeLongLight
 360              	.LVL59:
  87:main.c        ****         CyDelay(500);
 361              		.loc 1 87 0
ARM GAS  C:\Users\vidan\AppData\Local\Temp\cc8gr6o6.s 			page 9


 362 00a4 4FF4FA70 		mov	r0, #500
 363 00a8 FFF7FEFF 		bl	CyDelay
 364              	.LVL60:
  88:main.c        ****         for(i=1;i<3;i++){
 365              		.loc 1 88 0
 366 00ac 0124     		movs	r4, #1
 367 00ae 02E0     		b	.L22
 368              	.LVL61:
 369              	.L23:
  89:main.c        ****             MakeShortLight();
 370              		.loc 1 89 0 discriminator 3
 371 00b0 FFF7FEFF 		bl	MakeShortLight
 372              	.LVL62:
  88:main.c        ****         for(i=1;i<3;i++){
 373              		.loc 1 88 0 discriminator 3
 374 00b4 0134     		adds	r4, r4, #1
 375              	.LVL63:
 376              	.L22:
  88:main.c        ****         for(i=1;i<3;i++){
 377              		.loc 1 88 0 is_stmt 0 discriminator 1
 378 00b6 022C     		cmp	r4, #2
 379 00b8 FADD     		ble	.L23
  90:main.c        ****         }
  91:main.c        ****         CyDelay(500);
 380              		.loc 1 91 0 is_stmt 1
 381 00ba 4FF4FA70 		mov	r0, #500
 382 00be FFF7FEFF 		bl	CyDelay
 383              	.LVL64:
 384              	.L19:
  92:main.c        ****     }
  93:main.c        ****     LCD_Char_1_ClearDisplay();
 385              		.loc 1 93 0
 386 00c2 0120     		movs	r0, #1
 387 00c4 FFF7FEFF 		bl	LCD_Char_1_WriteControl
 388              	.LVL65:
 389 00c8 10BD     		pop	{r4, pc}
 390              	.L26:
 391 00ca 00BF     		.align	2
 392              	.L25:
 393 00cc 08000000 		.word	.LC1
 394 00d0 0C000000 		.word	.LC2
 395              		.cfi_endproc
 396              	.LFE67:
 397              		.size	Send, .-Send
 398              		.section	.text.Send_SOS_message,"ax",%progbits
 399              		.align	2
 400              		.global	Send_SOS_message
 401              		.thumb
 402              		.thumb_func
 403              		.type	Send_SOS_message, %function
 404              	Send_SOS_message:
 405              	.LFB68:
  94:main.c        **** }
  95:main.c        **** 
  96:main.c        **** bool Send_SOS_message(char* string)
  97:main.c        **** {
 406              		.loc 1 97 0
ARM GAS  C:\Users\vidan\AppData\Local\Temp\cc8gr6o6.s 			page 10


 407              		.cfi_startproc
 408              		@ args = 0, pretend = 0, frame = 0
 409              		@ frame_needed = 0, uses_anonymous_args = 0
 410              	.LVL66:
 411 0000 10B5     		push	{r4, lr}
 412              		.cfi_def_cfa_offset 8
 413              		.cfi_offset 4, -8
 414              		.cfi_offset 14, -4
 415 0002 0446     		mov	r4, r0
  98:main.c        ****     if(strlen(string) == 1){
 416              		.loc 1 98 0
 417 0004 FFF7FEFF 		bl	strlen
 418              	.LVL67:
 419 0008 0128     		cmp	r0, #1
 420 000a 15D0     		beq	.L30
  99:main.c        ****         return false;
 100:main.c        ****     }
 101:main.c        ****     else if(strlen(string) == 2){
 421              		.loc 1 101 0
 422 000c 0228     		cmp	r0, #2
 423 000e 15D1     		bne	.L31
 102:main.c        ****         if (strcmp(string,"1*")){
 424              		.loc 1 102 0
 425 0010 0C49     		ldr	r1, .L34
 426 0012 2046     		mov	r0, r4
 427 0014 FFF7FEFF 		bl	strcmp
 428              	.LVL68:
 429 0018 20B1     		cbz	r0, .L29
 103:main.c        ****             Send("SOS");
 430              		.loc 1 103 0
 431 001a 0B48     		ldr	r0, .L34+4
 432 001c FFF7FEFF 		bl	Send
 433              	.LVL69:
 104:main.c        ****         }
 105:main.c        ****         else if(strcmp(string,"2*")){
 106:main.c        ****             Send("BEAMS");
 107:main.c        ****         }
 108:main.c        ****         return true;
 434              		.loc 1 108 0
 435 0020 0120     		movs	r0, #1
 436 0022 10BD     		pop	{r4, pc}
 437              	.LVL70:
 438              	.L29:
 105:main.c        ****             Send("BEAMS");
 439              		.loc 1 105 0
 440 0024 0949     		ldr	r1, .L34+8
 441 0026 2046     		mov	r0, r4
 442 0028 FFF7FEFF 		bl	strcmp
 443              	.LVL71:
 444 002c 40B1     		cbz	r0, .L32
 106:main.c        ****         }
 445              		.loc 1 106 0
 446 002e 0848     		ldr	r0, .L34+12
 447 0030 FFF7FEFF 		bl	Send
 448              	.LVL72:
 449              		.loc 1 108 0
 450 0034 0120     		movs	r0, #1
ARM GAS  C:\Users\vidan\AppData\Local\Temp\cc8gr6o6.s 			page 11


 451 0036 10BD     		pop	{r4, pc}
 452              	.LVL73:
 453              	.L30:
  99:main.c        ****     }
 454              		.loc 1 99 0
 455 0038 0020     		movs	r0, #0
 456 003a 10BD     		pop	{r4, pc}
 457              	.LVL74:
 458              	.L31:
 109:main.c        ****     }
 110:main.c        ****     return false;
 459              		.loc 1 110 0
 460 003c 0020     		movs	r0, #0
 461 003e 10BD     		pop	{r4, pc}
 462              	.LVL75:
 463              	.L32:
 108:main.c        ****     }
 464              		.loc 1 108 0
 465 0040 0120     		movs	r0, #1
 111:main.c        **** }
 466              		.loc 1 111 0
 467 0042 10BD     		pop	{r4, pc}
 468              	.LVL76:
 469              	.L35:
 470              		.align	2
 471              	.L34:
 472 0044 14000000 		.word	.LC3
 473 0048 08000000 		.word	.LC1
 474 004c 18000000 		.word	.LC4
 475 0050 0C000000 		.word	.LC2
 476              		.cfi_endproc
 477              	.LFE68:
 478              		.size	Send_SOS_message, .-Send_SOS_message
 479              		.section	.text.main,"ax",%progbits
 480              		.align	2
 481              		.global	main
 482              		.thumb
 483              		.thumb_func
 484              		.type	main, %function
 485              	main:
 486              	.LFB69:
 112:main.c        **** 
 113:main.c        **** int main(void)
 114:main.c        **** {   
 487              		.loc 1 114 0
 488              		.cfi_startproc
 489              		@ args = 0, pretend = 0, frame = 8
 490              		@ frame_needed = 0, uses_anonymous_args = 0
 491 0000 00B5     		push	{lr}
 492              		.cfi_def_cfa_offset 4
 493              		.cfi_offset 14, -4
 494 0002 83B0     		sub	sp, sp, #12
 495              		.cfi_def_cfa_offset 16
 115:main.c        ****     CyGlobalIntEnable; /* Enable global interrupts. */
 496              		.loc 1 115 0
 497              		.syntax unified
 498              	@ 115 "main.c" 1
ARM GAS  C:\Users\vidan\AppData\Local\Temp\cc8gr6o6.s 			page 12


 499 0004 62B6     		CPSIE   i
 500              	@ 0 "" 2
 116:main.c        ****     LCD_Char_1_Start();
 501              		.loc 1 116 0
 502              		.thumb
 503              		.syntax unified
 504 0006 FFF7FEFF 		bl	LCD_Char_1_Start
 505              	.LVL77:
 117:main.c        ****     char signal[] = "";
 506              		.loc 1 117 0
 507 000a 0023     		movs	r3, #0
 508 000c 8DF80430 		strb	r3, [sp, #4]
 118:main.c        ****     keypadInit();
 509              		.loc 1 118 0
 510 0010 FFF7FEFF 		bl	keypadInit
 511              	.LVL78:
 512              	.L37:
 119:main.c        **** 
 120:main.c        ****     /* Place your initialization/startup code here (e.g. MyInst_Start()) */
 121:main.c        **** 
 122:main.c        ****     for(;;)
 123:main.c        ****     {   
 124:main.c        ****         if (!(strcmp(keypadScan(),"z"))){
 513              		.loc 1 124 0
 514 0014 FFF7FEFF 		bl	keypadScan
 515              	.LVL79:
 516 0018 1D49     		ldr	r1, .L45
 517 001a FFF7FEFF 		bl	strcmp
 518              	.LVL80:
 519 001e 28B9     		cbnz	r0, .L38
 125:main.c        ****             append(signal,keypadScan());
 520              		.loc 1 125 0
 521 0020 FFF7FEFF 		bl	keypadScan
 522              	.LVL81:
 523 0024 0146     		mov	r1, r0
 524 0026 01A8     		add	r0, sp, #4
 525 0028 FFF7FEFF 		bl	append
 526              	.LVL82:
 527              	.L38:
 126:main.c        ****         }
 127:main.c        ****         if(Send_SOS_message(signal) == true){
 528              		.loc 1 127 0
 529 002c 01A8     		add	r0, sp, #4
 530 002e FFF7FEFF 		bl	Send_SOS_message
 531              	.LVL83:
 532 0032 0128     		cmp	r0, #1
 533 0034 02D1     		bne	.L39
 128:main.c        ****             *signal = '\0';
 534              		.loc 1 128 0
 535 0036 0023     		movs	r3, #0
 536 0038 8DF80430 		strb	r3, [sp, #4]
 537              	.L39:
 129:main.c        ****         }
 130:main.c        ****         if(Switch_1_Read()){
 538              		.loc 1 130 0
 539 003c FFF7FEFF 		bl	Switch_1_Read
 540              	.LVL84:
ARM GAS  C:\Users\vidan\AppData\Local\Temp\cc8gr6o6.s 			page 13


 541 0040 60B1     		cbz	r0, .L40
 131:main.c        ****             D1_Write(1);
 542              		.loc 1 131 0
 543 0042 0120     		movs	r0, #1
 544 0044 FFF7FEFF 		bl	D1_Write
 545              	.LVL85:
 132:main.c        ****             D2_Write(1);
 546              		.loc 1 132 0
 547 0048 0120     		movs	r0, #1
 548 004a FFF7FEFF 		bl	D2_Write
 549              	.LVL86:
 133:main.c        ****             D3_Write(1);
 550              		.loc 1 133 0
 551 004e 0120     		movs	r0, #1
 552 0050 FFF7FEFF 		bl	D3_Write
 553              	.LVL87:
 134:main.c        ****             D4_Write(1);
 554              		.loc 1 134 0
 555 0054 0120     		movs	r0, #1
 556 0056 FFF7FEFF 		bl	D4_Write
 557              	.LVL88:
 558 005a DBE7     		b	.L37
 559              	.L40:
 135:main.c        **** 
 136:main.c        ****         }
 137:main.c        ****         else if(Switch_2_Read()){
 560              		.loc 1 137 0
 561 005c FFF7FEFF 		bl	Switch_2_Read
 562              	.LVL89:
 563 0060 10B1     		cbz	r0, .L42
 138:main.c        ****             MakeShortLight();
 564              		.loc 1 138 0
 565 0062 FFF7FEFF 		bl	MakeShortLight
 566              	.LVL90:
 567 0066 D5E7     		b	.L37
 568              	.L42:
 139:main.c        ****         }
 140:main.c        ****         else if(Switch_3_Read()){
 569              		.loc 1 140 0
 570 0068 FFF7FEFF 		bl	Switch_3_Read
 571              	.LVL91:
 572 006c 10B1     		cbz	r0, .L43
 141:main.c        ****             MakeLongLight();
 573              		.loc 1 141 0
 574 006e FFF7FEFF 		bl	MakeLongLight
 575              	.LVL92:
 576 0072 CFE7     		b	.L37
 577              	.L43:
 142:main.c        ****         }
 143:main.c        ****         else {D1_Write(0);
 578              		.loc 1 143 0
 579 0074 0020     		movs	r0, #0
 580 0076 FFF7FEFF 		bl	D1_Write
 581              	.LVL93:
 144:main.c        ****         D2_Write(0);
 582              		.loc 1 144 0
 583 007a 0020     		movs	r0, #0
ARM GAS  C:\Users\vidan\AppData\Local\Temp\cc8gr6o6.s 			page 14


 584 007c FFF7FEFF 		bl	D2_Write
 585              	.LVL94:
 145:main.c        ****         D3_Write(0);
 586              		.loc 1 145 0
 587 0080 0020     		movs	r0, #0
 588 0082 FFF7FEFF 		bl	D3_Write
 589              	.LVL95:
 146:main.c        ****         D4_Write(0);
 590              		.loc 1 146 0
 591 0086 0020     		movs	r0, #0
 592 0088 FFF7FEFF 		bl	D4_Write
 593              	.LVL96:
 594 008c C2E7     		b	.L37
 595              	.L46:
 596 008e 00BF     		.align	2
 597              	.L45:
 598 0090 1C000000 		.word	.LC5
 599              		.cfi_endproc
 600              	.LFE69:
 601              		.size	main, .-main
 602              		.section	.rodata.str1.4,"aMS",%progbits,1
 603              		.align	2
 604              	.LC0:
 605 0000 25732573 		.ascii	"%s%s\000"
 605      00
 606 0005 000000   		.space	3
 607              	.LC1:
 608 0008 534F5300 		.ascii	"SOS\000"
 609              	.LC2:
 610 000c 4245414D 		.ascii	"BEAMS\000"
 610      5300
 611 0012 0000     		.space	2
 612              	.LC3:
 613 0014 312A00   		.ascii	"1*\000"
 614 0017 00       		.space	1
 615              	.LC4:
 616 0018 322A00   		.ascii	"2*\000"
 617 001b 00       		.space	1
 618              	.LC5:
 619 001c 7A00     		.ascii	"z\000"
 620              		.text
 621              	.Letext0:
 622              		.file 2 "c:\\program files (x86)\\cypress\\psoc creator\\4.3\\psoc creator\\import\\gnu\\arm\\5.4.
 623              		.file 3 "c:\\program files (x86)\\cypress\\psoc creator\\4.3\\psoc creator\\import\\gnu\\arm\\5.4.
 624              		.file 4 "Generated_Source\\PSoC5/D1.h"
 625              		.file 5 "Generated_Source\\PSoC5/D2.h"
 626              		.file 6 "Generated_Source\\PSoC5/D3.h"
 627              		.file 7 "Generated_Source\\PSoC5/D4.h"
 628              		.file 8 "Generated_Source\\PSoC5/CyLib.h"
 629              		.file 9 "Generated_Source\\PSoC5/LCD_Char_1.h"
 630              		.file 10 "c:\\program files (x86)\\cypress\\psoc creator\\4.3\\psoc creator\\import\\gnu\\arm\\5.4
 631              		.file 11 "keypad.h"
 632              		.file 12 "Generated_Source\\PSoC5/Switch_1.h"
 633              		.file 13 "Generated_Source\\PSoC5/Switch_2.h"
 634              		.file 14 "Generated_Source\\PSoC5/Switch_3.h"
 635              		.file 15 "Generated_Source\\PSoC5/core_cm3.h"
 636              		.section	.debug_info,"",%progbits
ARM GAS  C:\Users\vidan\AppData\Local\Temp\cc8gr6o6.s 			page 15


 637              	.Ldebug_info0:
 638 0000 B8070000 		.4byte	0x7b8
 639 0004 0400     		.2byte	0x4
 640 0006 00000000 		.4byte	.Ldebug_abbrev0
 641 000a 04       		.byte	0x4
 642 000b 01       		.uleb128 0x1
 643 000c A1000000 		.4byte	.LASF47
 644 0010 0C       		.byte	0xc
 645 0011 03020000 		.4byte	.LASF48
 646 0015 4F020000 		.4byte	.LASF49
 647 0019 00000000 		.4byte	.Ldebug_ranges0+0
 648 001d 00000000 		.4byte	0
 649 0021 00000000 		.4byte	.Ldebug_line0
 650 0025 02       		.uleb128 0x2
 651 0026 01       		.byte	0x1
 652 0027 06       		.byte	0x6
 653 0028 C2020000 		.4byte	.LASF0
 654 002c 02       		.uleb128 0x2
 655 002d 01       		.byte	0x1
 656 002e 08       		.byte	0x8
 657 002f 62010000 		.4byte	.LASF1
 658 0033 02       		.uleb128 0x2
 659 0034 02       		.byte	0x2
 660 0035 05       		.byte	0x5
 661 0036 35020000 		.4byte	.LASF2
 662 003a 02       		.uleb128 0x2
 663 003b 02       		.byte	0x2
 664 003c 07       		.byte	0x7
 665 003d 41010000 		.4byte	.LASF3
 666 0041 03       		.uleb128 0x3
 667 0042 3C000000 		.4byte	.LASF9
 668 0046 02       		.byte	0x2
 669 0047 3F       		.byte	0x3f
 670 0048 4C000000 		.4byte	0x4c
 671 004c 02       		.uleb128 0x2
 672 004d 04       		.byte	0x4
 673 004e 05       		.byte	0x5
 674 004f 97020000 		.4byte	.LASF4
 675 0053 02       		.uleb128 0x2
 676 0054 04       		.byte	0x4
 677 0055 07       		.byte	0x7
 678 0056 2F010000 		.4byte	.LASF5
 679 005a 02       		.uleb128 0x2
 680 005b 08       		.byte	0x8
 681 005c 05       		.byte	0x5
 682 005d 7C000000 		.4byte	.LASF6
 683 0061 02       		.uleb128 0x2
 684 0062 08       		.byte	0x8
 685 0063 07       		.byte	0x7
 686 0064 BB010000 		.4byte	.LASF7
 687 0068 04       		.uleb128 0x4
 688 0069 04       		.byte	0x4
 689 006a 05       		.byte	0x5
 690 006b 696E7400 		.ascii	"int\000"
 691 006f 02       		.uleb128 0x2
 692 0070 04       		.byte	0x4
 693 0071 07       		.byte	0x7
ARM GAS  C:\Users\vidan\AppData\Local\Temp\cc8gr6o6.s 			page 16


 694 0072 4B000000 		.4byte	.LASF8
 695 0076 03       		.uleb128 0x3
 696 0077 DE010000 		.4byte	.LASF10
 697 007b 03       		.byte	0x3
 698 007c 2C       		.byte	0x2c
 699 007d 41000000 		.4byte	0x41
 700 0081 02       		.uleb128 0x2
 701 0082 04       		.byte	0x4
 702 0083 04       		.byte	0x4
 703 0084 76000000 		.4byte	.LASF11
 704 0088 02       		.uleb128 0x2
 705 0089 08       		.byte	0x8
 706 008a 04       		.byte	0x4
 707 008b 70010000 		.4byte	.LASF12
 708 008f 02       		.uleb128 0x2
 709 0090 01       		.byte	0x1
 710 0091 08       		.byte	0x8
 711 0092 0A020000 		.4byte	.LASF13
 712 0096 02       		.uleb128 0x2
 713 0097 04       		.byte	0x4
 714 0098 07       		.byte	0x7
 715 0099 E6010000 		.4byte	.LASF14
 716 009d 02       		.uleb128 0x2
 717 009e 08       		.byte	0x8
 718 009f 04       		.byte	0x4
 719 00a0 B1020000 		.4byte	.LASF15
 720 00a4 05       		.uleb128 0x5
 721 00a5 04       		.byte	0x4
 722 00a6 8F000000 		.4byte	0x8f
 723 00aa 06       		.uleb128 0x6
 724 00ab 01       		.byte	0x1
 725 00ac 2C000000 		.4byte	0x2c
 726 00b0 01       		.byte	0x1
 727 00b1 0E       		.byte	0xe
 728 00b2 C3000000 		.4byte	0xc3
 729 00b6 07       		.uleb128 0x7
 730 00b7 69000000 		.4byte	.LASF16
 731 00bb 00       		.byte	0
 732 00bc 07       		.uleb128 0x7
 733 00bd 00000000 		.4byte	.LASF17
 734 00c1 01       		.byte	0x1
 735 00c2 00       		.byte	0
 736 00c3 03       		.uleb128 0x3
 737 00c4 46000000 		.4byte	.LASF18
 738 00c8 01       		.byte	0x1
 739 00c9 0E       		.byte	0xe
 740 00ca AA000000 		.4byte	0xaa
 741 00ce 08       		.uleb128 0x8
 742 00cf 2E020000 		.4byte	.LASF27
 743 00d3 01       		.byte	0x1
 744 00d4 0F       		.byte	0xf
 745 00d5 A4000000 		.4byte	0xa4
 746 00d9 00000000 		.4byte	.LFB63
 747 00dd 24000000 		.4byte	.LFE63-.LFB63
 748 00e1 01       		.uleb128 0x1
 749 00e2 9C       		.byte	0x9c
 750 00e3 4C010000 		.4byte	0x14c
ARM GAS  C:\Users\vidan\AppData\Local\Temp\cc8gr6o6.s 			page 17


 751 00e7 09       		.uleb128 0x9
 752 00e8 3F020000 		.4byte	.LASF19
 753 00ec 01       		.byte	0x1
 754 00ed 0F       		.byte	0xf
 755 00ee A4000000 		.4byte	0xa4
 756 00f2 00000000 		.4byte	.LLST0
 757 00f6 09       		.uleb128 0x9
 758 00f7 47020000 		.4byte	.LASF20
 759 00fb 01       		.byte	0x1
 760 00fc 0F       		.byte	0xf
 761 00fd A4000000 		.4byte	0xa4
 762 0101 2C000000 		.4byte	.LLST1
 763 0105 0A       		.uleb128 0xa
 764 0106 D2010000 		.4byte	.LASF26
 765 010a 01       		.byte	0x1
 766 010b 11       		.byte	0x11
 767 010c A4000000 		.4byte	0xa4
 768 0110 02       		.uleb128 0x2
 769 0111 91       		.byte	0x91
 770 0112 74       		.sleb128 -12
 771 0113 0B       		.uleb128 0xb
 772 0114 F2020000 		.4byte	.LASF30
 773 0118 01       		.byte	0x1
 774 0119 12       		.byte	0x12
 775 011a 68000000 		.4byte	0x68
 776 011e 24010000 		.4byte	0x124
 777 0122 0C       		.uleb128 0xc
 778 0123 00       		.byte	0
 779 0124 0D       		.uleb128 0xd
 780 0125 18000000 		.4byte	.LVL3
 781 0129 00070000 		.4byte	0x700
 782 012d 0E       		.uleb128 0xe
 783 012e 01       		.uleb128 0x1
 784 012f 50       		.byte	0x50
 785 0130 02       		.uleb128 0x2
 786 0131 74       		.byte	0x74
 787 0132 00       		.sleb128 0
 788 0133 0E       		.uleb128 0xe
 789 0134 01       		.uleb128 0x1
 790 0135 51       		.byte	0x51
 791 0136 05       		.uleb128 0x5
 792 0137 03       		.byte	0x3
 793 0138 00000000 		.4byte	.LC0
 794 013c 0E       		.uleb128 0xe
 795 013d 01       		.uleb128 0x1
 796 013e 52       		.byte	0x52
 797 013f 03       		.uleb128 0x3
 798 0140 F3       		.byte	0xf3
 799 0141 01       		.uleb128 0x1
 800 0142 50       		.byte	0x50
 801 0143 0E       		.uleb128 0xe
 802 0144 01       		.uleb128 0x1
 803 0145 53       		.byte	0x53
 804 0146 03       		.uleb128 0x3
 805 0147 F3       		.byte	0xf3
 806 0148 01       		.uleb128 0x1
 807 0149 51       		.byte	0x51
ARM GAS  C:\Users\vidan\AppData\Local\Temp\cc8gr6o6.s 			page 18


 808 014a 00       		.byte	0
 809 014b 00       		.byte	0
 810 014c 0F       		.uleb128 0xf
 811 014d 54010000 		.4byte	.LASF21
 812 0151 01       		.byte	0x1
 813 0152 16       		.byte	0x16
 814 0153 00000000 		.4byte	.LFB64
 815 0157 42000000 		.4byte	.LFE64-.LFB64
 816 015b 01       		.uleb128 0x1
 817 015c 9C       		.byte	0x9c
 818 015d 1F020000 		.4byte	0x21f
 819 0161 10       		.uleb128 0x10
 820 0162 08000000 		.4byte	.LVL4
 821 0166 0B070000 		.4byte	0x70b
 822 016a 74010000 		.4byte	0x174
 823 016e 0E       		.uleb128 0xe
 824 016f 01       		.uleb128 0x1
 825 0170 50       		.byte	0x50
 826 0171 01       		.uleb128 0x1
 827 0172 31       		.byte	0x31
 828 0173 00       		.byte	0
 829 0174 10       		.uleb128 0x10
 830 0175 0E000000 		.4byte	.LVL5
 831 0179 16070000 		.4byte	0x716
 832 017d 87010000 		.4byte	0x187
 833 0181 0E       		.uleb128 0xe
 834 0182 01       		.uleb128 0x1
 835 0183 50       		.byte	0x50
 836 0184 01       		.uleb128 0x1
 837 0185 31       		.byte	0x31
 838 0186 00       		.byte	0
 839 0187 10       		.uleb128 0x10
 840 0188 14000000 		.4byte	.LVL6
 841 018c 21070000 		.4byte	0x721
 842 0190 9A010000 		.4byte	0x19a
 843 0194 0E       		.uleb128 0xe
 844 0195 01       		.uleb128 0x1
 845 0196 50       		.byte	0x50
 846 0197 01       		.uleb128 0x1
 847 0198 31       		.byte	0x31
 848 0199 00       		.byte	0
 849 019a 10       		.uleb128 0x10
 850 019b 1A000000 		.4byte	.LVL7
 851 019f 2C070000 		.4byte	0x72c
 852 01a3 AD010000 		.4byte	0x1ad
 853 01a7 0E       		.uleb128 0xe
 854 01a8 01       		.uleb128 0x1
 855 01a9 50       		.byte	0x50
 856 01aa 01       		.uleb128 0x1
 857 01ab 31       		.byte	0x31
 858 01ac 00       		.byte	0
 859 01ad 10       		.uleb128 0x10
 860 01ae 22000000 		.4byte	.LVL8
 861 01b2 37070000 		.4byte	0x737
 862 01b6 C2010000 		.4byte	0x1c2
 863 01ba 0E       		.uleb128 0xe
 864 01bb 01       		.uleb128 0x1
ARM GAS  C:\Users\vidan\AppData\Local\Temp\cc8gr6o6.s 			page 19


 865 01bc 50       		.byte	0x50
 866 01bd 03       		.uleb128 0x3
 867 01be 0A       		.byte	0xa
 868 01bf F401     		.2byte	0x1f4
 869 01c1 00       		.byte	0
 870 01c2 10       		.uleb128 0x10
 871 01c3 28000000 		.4byte	.LVL9
 872 01c7 0B070000 		.4byte	0x70b
 873 01cb D5010000 		.4byte	0x1d5
 874 01cf 0E       		.uleb128 0xe
 875 01d0 01       		.uleb128 0x1
 876 01d1 50       		.byte	0x50
 877 01d2 01       		.uleb128 0x1
 878 01d3 30       		.byte	0x30
 879 01d4 00       		.byte	0
 880 01d5 10       		.uleb128 0x10
 881 01d6 2E000000 		.4byte	.LVL10
 882 01da 16070000 		.4byte	0x716
 883 01de E8010000 		.4byte	0x1e8
 884 01e2 0E       		.uleb128 0xe
 885 01e3 01       		.uleb128 0x1
 886 01e4 50       		.byte	0x50
 887 01e5 01       		.uleb128 0x1
 888 01e6 30       		.byte	0x30
 889 01e7 00       		.byte	0
 890 01e8 10       		.uleb128 0x10
 891 01e9 34000000 		.4byte	.LVL11
 892 01ed 21070000 		.4byte	0x721
 893 01f1 FB010000 		.4byte	0x1fb
 894 01f5 0E       		.uleb128 0xe
 895 01f6 01       		.uleb128 0x1
 896 01f7 50       		.byte	0x50
 897 01f8 01       		.uleb128 0x1
 898 01f9 30       		.byte	0x30
 899 01fa 00       		.byte	0
 900 01fb 10       		.uleb128 0x10
 901 01fc 3A000000 		.4byte	.LVL12
 902 0200 2C070000 		.4byte	0x72c
 903 0204 0E020000 		.4byte	0x20e
 904 0208 0E       		.uleb128 0xe
 905 0209 01       		.uleb128 0x1
 906 020a 50       		.byte	0x50
 907 020b 01       		.uleb128 0x1
 908 020c 30       		.byte	0x30
 909 020d 00       		.byte	0
 910 020e 0D       		.uleb128 0xd
 911 020f 40000000 		.4byte	.LVL13
 912 0213 37070000 		.4byte	0x737
 913 0217 0E       		.uleb128 0xe
 914 0218 01       		.uleb128 0x1
 915 0219 50       		.byte	0x50
 916 021a 02       		.uleb128 0x2
 917 021b 08       		.byte	0x8
 918 021c FA       		.byte	0xfa
 919 021d 00       		.byte	0
 920 021e 00       		.byte	0
 921 021f 0F       		.uleb128 0xf
ARM GAS  C:\Users\vidan\AppData\Local\Temp\cc8gr6o6.s 			page 20


 922 0220 1D000000 		.4byte	.LASF22
 923 0224 01       		.byte	0x1
 924 0225 24       		.byte	0x24
 925 0226 00000000 		.4byte	.LFB65
 926 022a 40000000 		.4byte	.LFE65-.LFB65
 927 022e 01       		.uleb128 0x1
 928 022f 9C       		.byte	0x9c
 929 0230 F1020000 		.4byte	0x2f1
 930 0234 10       		.uleb128 0x10
 931 0235 08000000 		.4byte	.LVL14
 932 0239 0B070000 		.4byte	0x70b
 933 023d 47020000 		.4byte	0x247
 934 0241 0E       		.uleb128 0xe
 935 0242 01       		.uleb128 0x1
 936 0243 50       		.byte	0x50
 937 0244 01       		.uleb128 0x1
 938 0245 31       		.byte	0x31
 939 0246 00       		.byte	0
 940 0247 10       		.uleb128 0x10
 941 0248 0E000000 		.4byte	.LVL15
 942 024c 16070000 		.4byte	0x716
 943 0250 5A020000 		.4byte	0x25a
 944 0254 0E       		.uleb128 0xe
 945 0255 01       		.uleb128 0x1
 946 0256 50       		.byte	0x50
 947 0257 01       		.uleb128 0x1
 948 0258 31       		.byte	0x31
 949 0259 00       		.byte	0
 950 025a 10       		.uleb128 0x10
 951 025b 14000000 		.4byte	.LVL16
 952 025f 21070000 		.4byte	0x721
 953 0263 6D020000 		.4byte	0x26d
 954 0267 0E       		.uleb128 0xe
 955 0268 01       		.uleb128 0x1
 956 0269 50       		.byte	0x50
 957 026a 01       		.uleb128 0x1
 958 026b 31       		.byte	0x31
 959 026c 00       		.byte	0
 960 026d 10       		.uleb128 0x10
 961 026e 1A000000 		.4byte	.LVL17
 962 0272 2C070000 		.4byte	0x72c
 963 0276 80020000 		.4byte	0x280
 964 027a 0E       		.uleb128 0xe
 965 027b 01       		.uleb128 0x1
 966 027c 50       		.byte	0x50
 967 027d 01       		.uleb128 0x1
 968 027e 31       		.byte	0x31
 969 027f 00       		.byte	0
 970 0280 10       		.uleb128 0x10
 971 0281 20000000 		.4byte	.LVL18
 972 0285 37070000 		.4byte	0x737
 973 0289 94020000 		.4byte	0x294
 974 028d 0E       		.uleb128 0xe
 975 028e 01       		.uleb128 0x1
 976 028f 50       		.byte	0x50
 977 0290 02       		.uleb128 0x2
 978 0291 08       		.byte	0x8
ARM GAS  C:\Users\vidan\AppData\Local\Temp\cc8gr6o6.s 			page 21


 979 0292 FA       		.byte	0xfa
 980 0293 00       		.byte	0
 981 0294 10       		.uleb128 0x10
 982 0295 26000000 		.4byte	.LVL19
 983 0299 0B070000 		.4byte	0x70b
 984 029d A7020000 		.4byte	0x2a7
 985 02a1 0E       		.uleb128 0xe
 986 02a2 01       		.uleb128 0x1
 987 02a3 50       		.byte	0x50
 988 02a4 01       		.uleb128 0x1
 989 02a5 30       		.byte	0x30
 990 02a6 00       		.byte	0
 991 02a7 10       		.uleb128 0x10
 992 02a8 2C000000 		.4byte	.LVL20
 993 02ac 16070000 		.4byte	0x716
 994 02b0 BA020000 		.4byte	0x2ba
 995 02b4 0E       		.uleb128 0xe
 996 02b5 01       		.uleb128 0x1
 997 02b6 50       		.byte	0x50
 998 02b7 01       		.uleb128 0x1
 999 02b8 30       		.byte	0x30
 1000 02b9 00       		.byte	0
 1001 02ba 10       		.uleb128 0x10
 1002 02bb 32000000 		.4byte	.LVL21
 1003 02bf 21070000 		.4byte	0x721
 1004 02c3 CD020000 		.4byte	0x2cd
 1005 02c7 0E       		.uleb128 0xe
 1006 02c8 01       		.uleb128 0x1
 1007 02c9 50       		.byte	0x50
 1008 02ca 01       		.uleb128 0x1
 1009 02cb 30       		.byte	0x30
 1010 02cc 00       		.byte	0
 1011 02cd 10       		.uleb128 0x10
 1012 02ce 38000000 		.4byte	.LVL22
 1013 02d2 2C070000 		.4byte	0x72c
 1014 02d6 E0020000 		.4byte	0x2e0
 1015 02da 0E       		.uleb128 0xe
 1016 02db 01       		.uleb128 0x1
 1017 02dc 50       		.byte	0x50
 1018 02dd 01       		.uleb128 0x1
 1019 02de 30       		.byte	0x30
 1020 02df 00       		.byte	0
 1021 02e0 0D       		.uleb128 0xd
 1022 02e1 3E000000 		.4byte	.LVL23
 1023 02e5 37070000 		.4byte	0x737
 1024 02e9 0E       		.uleb128 0xe
 1025 02ea 01       		.uleb128 0x1
 1026 02eb 50       		.byte	0x50
 1027 02ec 02       		.uleb128 0x2
 1028 02ed 08       		.byte	0x8
 1029 02ee FA       		.byte	0xfa
 1030 02ef 00       		.byte	0
 1031 02f0 00       		.byte	0
 1032 02f1 11       		.uleb128 0x11
 1033 02f2 FA010000 		.4byte	.LASF24
 1034 02f6 01       		.byte	0x1
 1035 02f7 32       		.byte	0x32
ARM GAS  C:\Users\vidan\AppData\Local\Temp\cc8gr6o6.s 			page 22


 1036 02f8 00000000 		.4byte	.LFB66
 1037 02fc 14000000 		.4byte	.LFE66-.LFB66
 1038 0300 01       		.uleb128 0x1
 1039 0301 9C       		.byte	0x9c
 1040 0302 3E030000 		.4byte	0x33e
 1041 0306 09       		.uleb128 0x9
 1042 0307 6F000000 		.4byte	.LASF23
 1043 030b 01       		.byte	0x1
 1044 030c 32       		.byte	0x32
 1045 030d A4000000 		.4byte	0xa4
 1046 0311 58000000 		.4byte	.LLST2
 1047 0315 10       		.uleb128 0x10
 1048 0316 0C000000 		.4byte	.LVL26
 1049 031a 42070000 		.4byte	0x742
 1050 031e 2D030000 		.4byte	0x32d
 1051 0322 0E       		.uleb128 0xe
 1052 0323 01       		.uleb128 0x1
 1053 0324 50       		.byte	0x50
 1054 0325 01       		.uleb128 0x1
 1055 0326 30       		.byte	0x30
 1056 0327 0E       		.uleb128 0xe
 1057 0328 01       		.uleb128 0x1
 1058 0329 51       		.byte	0x51
 1059 032a 01       		.uleb128 0x1
 1060 032b 30       		.byte	0x30
 1061 032c 00       		.byte	0
 1062 032d 0D       		.uleb128 0xd
 1063 032e 12000000 		.4byte	.LVL27
 1064 0332 4D070000 		.4byte	0x74d
 1065 0336 0E       		.uleb128 0xe
 1066 0337 01       		.uleb128 0x1
 1067 0338 50       		.byte	0x50
 1068 0339 02       		.uleb128 0x2
 1069 033a 74       		.byte	0x74
 1070 033b 00       		.sleb128 0
 1071 033c 00       		.byte	0
 1072 033d 00       		.byte	0
 1073 033e 11       		.uleb128 0x11
 1074 033f BD020000 		.4byte	.LASF25
 1075 0343 01       		.byte	0x1
 1076 0344 37       		.byte	0x37
 1077 0345 00000000 		.4byte	.LFB67
 1078 0349 D4000000 		.4byte	.LFE67-.LFB67
 1079 034d 01       		.uleb128 0x1
 1080 034e 9C       		.byte	0x9c
 1081 034f F2040000 		.4byte	0x4f2
 1082 0353 09       		.uleb128 0x9
 1083 0354 6F000000 		.4byte	.LASF23
 1084 0358 01       		.byte	0x1
 1085 0359 37       		.byte	0x37
 1086 035a A4000000 		.4byte	0xa4
 1087 035e 76000000 		.4byte	.LLST3
 1088 0362 12       		.uleb128 0x12
 1089 0363 6900     		.ascii	"i\000"
 1090 0365 01       		.byte	0x1
 1091 0366 39       		.byte	0x39
 1092 0367 68000000 		.4byte	0x68
ARM GAS  C:\Users\vidan\AppData\Local\Temp\cc8gr6o6.s 			page 23


 1093 036b BB000000 		.4byte	.LLST4
 1094 036f 10       		.uleb128 0x10
 1095 0370 0A000000 		.4byte	.LVL29
 1096 0374 58070000 		.4byte	0x758
 1097 0378 8C030000 		.4byte	0x38c
 1098 037c 0E       		.uleb128 0xe
 1099 037d 01       		.uleb128 0x1
 1100 037e 50       		.byte	0x50
 1101 037f 02       		.uleb128 0x2
 1102 0380 74       		.byte	0x74
 1103 0381 00       		.sleb128 0
 1104 0382 0E       		.uleb128 0xe
 1105 0383 01       		.uleb128 0x1
 1106 0384 51       		.byte	0x51
 1107 0385 05       		.uleb128 0x5
 1108 0386 03       		.byte	0x3
 1109 0387 08000000 		.4byte	.LC1
 1110 038b 00       		.byte	0
 1111 038c 10       		.uleb128 0x10
 1112 038d 12000000 		.4byte	.LVL30
 1113 0391 F1020000 		.4byte	0x2f1
 1114 0395 A3030000 		.4byte	0x3a3
 1115 0399 0E       		.uleb128 0xe
 1116 039a 01       		.uleb128 0x1
 1117 039b 50       		.byte	0x50
 1118 039c 05       		.uleb128 0x5
 1119 039d 03       		.byte	0x3
 1120 039e 08000000 		.4byte	.LC1
 1121 03a2 00       		.byte	0
 1122 03a3 13       		.uleb128 0x13
 1123 03a4 1A000000 		.4byte	.LVL33
 1124 03a8 1F020000 		.4byte	0x21f
 1125 03ac 10       		.uleb128 0x10
 1126 03ad 28000000 		.4byte	.LVL35
 1127 03b1 37070000 		.4byte	0x737
 1128 03b5 C1030000 		.4byte	0x3c1
 1129 03b9 0E       		.uleb128 0xe
 1130 03ba 01       		.uleb128 0x1
 1131 03bb 50       		.byte	0x50
 1132 03bc 03       		.uleb128 0x3
 1133 03bd 0A       		.byte	0xa
 1134 03be F401     		.2byte	0x1f4
 1135 03c0 00       		.byte	0
 1136 03c1 13       		.uleb128 0x13
 1137 03c2 30000000 		.4byte	.LVL37
 1138 03c6 4C010000 		.4byte	0x14c
 1139 03ca 10       		.uleb128 0x10
 1140 03cb 3E000000 		.4byte	.LVL39
 1141 03cf 37070000 		.4byte	0x737
 1142 03d3 DF030000 		.4byte	0x3df
 1143 03d7 0E       		.uleb128 0xe
 1144 03d8 01       		.uleb128 0x1
 1145 03d9 50       		.byte	0x50
 1146 03da 03       		.uleb128 0x3
 1147 03db 0A       		.byte	0xa
 1148 03dc F401     		.2byte	0x1f4
 1149 03de 00       		.byte	0
ARM GAS  C:\Users\vidan\AppData\Local\Temp\cc8gr6o6.s 			page 24


 1150 03df 13       		.uleb128 0x13
 1151 03e0 46000000 		.4byte	.LVL41
 1152 03e4 1F020000 		.4byte	0x21f
 1153 03e8 10       		.uleb128 0x10
 1154 03e9 54000000 		.4byte	.LVL43
 1155 03ed 37070000 		.4byte	0x737
 1156 03f1 FD030000 		.4byte	0x3fd
 1157 03f5 0E       		.uleb128 0xe
 1158 03f6 01       		.uleb128 0x1
 1159 03f7 50       		.byte	0x50
 1160 03f8 03       		.uleb128 0x3
 1161 03f9 0A       		.byte	0xa
 1162 03fa F401     		.2byte	0x1f4
 1163 03fc 00       		.byte	0
 1164 03fd 10       		.uleb128 0x10
 1165 03fe 5E000000 		.4byte	.LVL45
 1166 0402 58070000 		.4byte	0x758
 1167 0406 1A040000 		.4byte	0x41a
 1168 040a 0E       		.uleb128 0xe
 1169 040b 01       		.uleb128 0x1
 1170 040c 50       		.byte	0x50
 1171 040d 02       		.uleb128 0x2
 1172 040e 74       		.byte	0x74
 1173 040f 00       		.sleb128 0
 1174 0410 0E       		.uleb128 0xe
 1175 0411 01       		.uleb128 0x1
 1176 0412 51       		.byte	0x51
 1177 0413 05       		.uleb128 0x5
 1178 0414 03       		.byte	0x3
 1179 0415 0C000000 		.4byte	.LC2
 1180 0419 00       		.byte	0
 1181 041a 10       		.uleb128 0x10
 1182 041b 66000000 		.4byte	.LVL46
 1183 041f F1020000 		.4byte	0x2f1
 1184 0423 31040000 		.4byte	0x431
 1185 0427 0E       		.uleb128 0xe
 1186 0428 01       		.uleb128 0x1
 1187 0429 50       		.byte	0x50
 1188 042a 05       		.uleb128 0x5
 1189 042b 03       		.byte	0x3
 1190 042c 0C000000 		.4byte	.LC2
 1191 0430 00       		.byte	0
 1192 0431 13       		.uleb128 0x13
 1193 0432 6A000000 		.4byte	.LVL47
 1194 0436 4C010000 		.4byte	0x14c
 1195 043a 13       		.uleb128 0x13
 1196 043b 72000000 		.4byte	.LVL50
 1197 043f 1F020000 		.4byte	0x21f
 1198 0443 10       		.uleb128 0x10
 1199 0444 80000000 		.4byte	.LVL52
 1200 0448 37070000 		.4byte	0x737
 1201 044c 58040000 		.4byte	0x458
 1202 0450 0E       		.uleb128 0xe
 1203 0451 01       		.uleb128 0x1
 1204 0452 50       		.byte	0x50
 1205 0453 03       		.uleb128 0x3
 1206 0454 0A       		.byte	0xa
ARM GAS  C:\Users\vidan\AppData\Local\Temp\cc8gr6o6.s 			page 25


 1207 0455 F401     		.2byte	0x1f4
 1208 0457 00       		.byte	0
 1209 0458 13       		.uleb128 0x13
 1210 0459 84000000 		.4byte	.LVL53
 1211 045d 1F020000 		.4byte	0x21f
 1212 0461 10       		.uleb128 0x10
 1213 0462 8C000000 		.4byte	.LVL54
 1214 0466 37070000 		.4byte	0x737
 1215 046a 76040000 		.4byte	0x476
 1216 046e 0E       		.uleb128 0xe
 1217 046f 01       		.uleb128 0x1
 1218 0470 50       		.byte	0x50
 1219 0471 03       		.uleb128 0x3
 1220 0472 0A       		.byte	0xa
 1221 0473 F401     		.2byte	0x1f4
 1222 0475 00       		.byte	0
 1223 0476 13       		.uleb128 0x13
 1224 0477 90000000 		.4byte	.LVL55
 1225 047b 1F020000 		.4byte	0x21f
 1226 047f 13       		.uleb128 0x13
 1227 0480 94000000 		.4byte	.LVL56
 1228 0484 4C010000 		.4byte	0x14c
 1229 0488 10       		.uleb128 0x10
 1230 0489 9C000000 		.4byte	.LVL57
 1231 048d 37070000 		.4byte	0x737
 1232 0491 9D040000 		.4byte	0x49d
 1233 0495 0E       		.uleb128 0xe
 1234 0496 01       		.uleb128 0x1
 1235 0497 50       		.byte	0x50
 1236 0498 03       		.uleb128 0x3
 1237 0499 0A       		.byte	0xa
 1238 049a F401     		.2byte	0x1f4
 1239 049c 00       		.byte	0
 1240 049d 13       		.uleb128 0x13
 1241 049e A0000000 		.4byte	.LVL58
 1242 04a2 4C010000 		.4byte	0x14c
 1243 04a6 13       		.uleb128 0x13
 1244 04a7 A4000000 		.4byte	.LVL59
 1245 04ab 4C010000 		.4byte	0x14c
 1246 04af 10       		.uleb128 0x10
 1247 04b0 AC000000 		.4byte	.LVL60
 1248 04b4 37070000 		.4byte	0x737
 1249 04b8 C4040000 		.4byte	0x4c4
 1250 04bc 0E       		.uleb128 0xe
 1251 04bd 01       		.uleb128 0x1
 1252 04be 50       		.byte	0x50
 1253 04bf 03       		.uleb128 0x3
 1254 04c0 0A       		.byte	0xa
 1255 04c1 F401     		.2byte	0x1f4
 1256 04c3 00       		.byte	0
 1257 04c4 13       		.uleb128 0x13
 1258 04c5 B4000000 		.4byte	.LVL62
 1259 04c9 1F020000 		.4byte	0x21f
 1260 04cd 10       		.uleb128 0x10
 1261 04ce C2000000 		.4byte	.LVL64
 1262 04d2 37070000 		.4byte	0x737
 1263 04d6 E2040000 		.4byte	0x4e2
ARM GAS  C:\Users\vidan\AppData\Local\Temp\cc8gr6o6.s 			page 26


 1264 04da 0E       		.uleb128 0xe
 1265 04db 01       		.uleb128 0x1
 1266 04dc 50       		.byte	0x50
 1267 04dd 03       		.uleb128 0x3
 1268 04de 0A       		.byte	0xa
 1269 04df F401     		.2byte	0x1f4
 1270 04e1 00       		.byte	0
 1271 04e2 0D       		.uleb128 0xd
 1272 04e3 C8000000 		.4byte	.LVL65
 1273 04e7 63070000 		.4byte	0x763
 1274 04eb 0E       		.uleb128 0xe
 1275 04ec 01       		.uleb128 0x1
 1276 04ed 50       		.byte	0x50
 1277 04ee 01       		.uleb128 0x1
 1278 04ef 31       		.byte	0x31
 1279 04f0 00       		.byte	0
 1280 04f1 00       		.byte	0
 1281 04f2 08       		.uleb128 0x8
 1282 04f3 58000000 		.4byte	.LASF28
 1283 04f7 01       		.byte	0x1
 1284 04f8 60       		.byte	0x60
 1285 04f9 C3000000 		.4byte	0xc3
 1286 04fd 00000000 		.4byte	.LFB68
 1287 0501 54000000 		.4byte	.LFE68-.LFB68
 1288 0505 01       		.uleb128 0x1
 1289 0506 9C       		.byte	0x9c
 1290 0507 93050000 		.4byte	0x593
 1291 050b 09       		.uleb128 0x9
 1292 050c 6F000000 		.4byte	.LASF23
 1293 0510 01       		.byte	0x1
 1294 0511 60       		.byte	0x60
 1295 0512 A4000000 		.4byte	0xa4
 1296 0516 36010000 		.4byte	.LLST5
 1297 051a 10       		.uleb128 0x10
 1298 051b 08000000 		.4byte	.LVL67
 1299 051f 6E070000 		.4byte	0x76e
 1300 0523 2E050000 		.4byte	0x52e
 1301 0527 0E       		.uleb128 0xe
 1302 0528 01       		.uleb128 0x1
 1303 0529 50       		.byte	0x50
 1304 052a 02       		.uleb128 0x2
 1305 052b 74       		.byte	0x74
 1306 052c 00       		.sleb128 0
 1307 052d 00       		.byte	0
 1308 052e 10       		.uleb128 0x10
 1309 052f 18000000 		.4byte	.LVL68
 1310 0533 58070000 		.4byte	0x758
 1311 0537 4B050000 		.4byte	0x54b
 1312 053b 0E       		.uleb128 0xe
 1313 053c 01       		.uleb128 0x1
 1314 053d 50       		.byte	0x50
 1315 053e 02       		.uleb128 0x2
 1316 053f 74       		.byte	0x74
 1317 0540 00       		.sleb128 0
 1318 0541 0E       		.uleb128 0xe
 1319 0542 01       		.uleb128 0x1
 1320 0543 51       		.byte	0x51
ARM GAS  C:\Users\vidan\AppData\Local\Temp\cc8gr6o6.s 			page 27


 1321 0544 05       		.uleb128 0x5
 1322 0545 03       		.byte	0x3
 1323 0546 14000000 		.4byte	.LC3
 1324 054a 00       		.byte	0
 1325 054b 10       		.uleb128 0x10
 1326 054c 20000000 		.4byte	.LVL69
 1327 0550 3E030000 		.4byte	0x33e
 1328 0554 62050000 		.4byte	0x562
 1329 0558 0E       		.uleb128 0xe
 1330 0559 01       		.uleb128 0x1
 1331 055a 50       		.byte	0x50
 1332 055b 05       		.uleb128 0x5
 1333 055c 03       		.byte	0x3
 1334 055d 08000000 		.4byte	.LC1
 1335 0561 00       		.byte	0
 1336 0562 10       		.uleb128 0x10
 1337 0563 2C000000 		.4byte	.LVL71
 1338 0567 58070000 		.4byte	0x758
 1339 056b 7F050000 		.4byte	0x57f
 1340 056f 0E       		.uleb128 0xe
 1341 0570 01       		.uleb128 0x1
 1342 0571 50       		.byte	0x50
 1343 0572 02       		.uleb128 0x2
 1344 0573 74       		.byte	0x74
 1345 0574 00       		.sleb128 0
 1346 0575 0E       		.uleb128 0xe
 1347 0576 01       		.uleb128 0x1
 1348 0577 51       		.byte	0x51
 1349 0578 05       		.uleb128 0x5
 1350 0579 03       		.byte	0x3
 1351 057a 18000000 		.4byte	.LC4
 1352 057e 00       		.byte	0
 1353 057f 0D       		.uleb128 0xd
 1354 0580 34000000 		.4byte	.LVL72
 1355 0584 3E030000 		.4byte	0x33e
 1356 0588 0E       		.uleb128 0xe
 1357 0589 01       		.uleb128 0x1
 1358 058a 50       		.byte	0x50
 1359 058b 05       		.uleb128 0x5
 1360 058c 03       		.byte	0x3
 1361 058d 0C000000 		.4byte	.LC2
 1362 0591 00       		.byte	0
 1363 0592 00       		.byte	0
 1364 0593 14       		.uleb128 0x14
 1365 0594 D9010000 		.4byte	.LASF50
 1366 0598 01       		.byte	0x1
 1367 0599 71       		.byte	0x71
 1368 059a 68000000 		.4byte	0x68
 1369 059e 00000000 		.4byte	.LFB69
 1370 05a2 94000000 		.4byte	.LFE69-.LFB69
 1371 05a6 01       		.uleb128 0x1
 1372 05a7 9C       		.byte	0x9c
 1373 05a8 DF060000 		.4byte	0x6df
 1374 05ac 0A       		.uleb128 0xa
 1375 05ad 2C000000 		.4byte	.LASF29
 1376 05b1 01       		.byte	0x1
 1377 05b2 75       		.byte	0x75
ARM GAS  C:\Users\vidan\AppData\Local\Temp\cc8gr6o6.s 			page 28


 1378 05b3 DF060000 		.4byte	0x6df
 1379 05b7 02       		.uleb128 0x2
 1380 05b8 91       		.byte	0x91
 1381 05b9 74       		.sleb128 -12
 1382 05ba 13       		.uleb128 0x13
 1383 05bb 0A000000 		.4byte	.LVL77
 1384 05bf 79070000 		.4byte	0x779
 1385 05c3 13       		.uleb128 0x13
 1386 05c4 14000000 		.4byte	.LVL78
 1387 05c8 84070000 		.4byte	0x784
 1388 05cc 13       		.uleb128 0x13
 1389 05cd 18000000 		.4byte	.LVL79
 1390 05d1 8F070000 		.4byte	0x78f
 1391 05d5 10       		.uleb128 0x10
 1392 05d6 1E000000 		.4byte	.LVL80
 1393 05da 58070000 		.4byte	0x758
 1394 05de EC050000 		.4byte	0x5ec
 1395 05e2 0E       		.uleb128 0xe
 1396 05e3 01       		.uleb128 0x1
 1397 05e4 51       		.byte	0x51
 1398 05e5 05       		.uleb128 0x5
 1399 05e6 03       		.byte	0x3
 1400 05e7 1C000000 		.4byte	.LC5
 1401 05eb 00       		.byte	0
 1402 05ec 13       		.uleb128 0x13
 1403 05ed 24000000 		.4byte	.LVL81
 1404 05f1 8F070000 		.4byte	0x78f
 1405 05f5 10       		.uleb128 0x10
 1406 05f6 2C000000 		.4byte	.LVL82
 1407 05fa CE000000 		.4byte	0xce
 1408 05fe 09060000 		.4byte	0x609
 1409 0602 0E       		.uleb128 0xe
 1410 0603 01       		.uleb128 0x1
 1411 0604 50       		.byte	0x50
 1412 0605 02       		.uleb128 0x2
 1413 0606 91       		.byte	0x91
 1414 0607 74       		.sleb128 -12
 1415 0608 00       		.byte	0
 1416 0609 10       		.uleb128 0x10
 1417 060a 32000000 		.4byte	.LVL83
 1418 060e F2040000 		.4byte	0x4f2
 1419 0612 1D060000 		.4byte	0x61d
 1420 0616 0E       		.uleb128 0xe
 1421 0617 01       		.uleb128 0x1
 1422 0618 50       		.byte	0x50
 1423 0619 02       		.uleb128 0x2
 1424 061a 91       		.byte	0x91
 1425 061b 74       		.sleb128 -12
 1426 061c 00       		.byte	0
 1427 061d 13       		.uleb128 0x13
 1428 061e 40000000 		.4byte	.LVL84
 1429 0622 9A070000 		.4byte	0x79a
 1430 0626 10       		.uleb128 0x10
 1431 0627 48000000 		.4byte	.LVL85
 1432 062b 0B070000 		.4byte	0x70b
 1433 062f 39060000 		.4byte	0x639
 1434 0633 0E       		.uleb128 0xe
ARM GAS  C:\Users\vidan\AppData\Local\Temp\cc8gr6o6.s 			page 29


 1435 0634 01       		.uleb128 0x1
 1436 0635 50       		.byte	0x50
 1437 0636 01       		.uleb128 0x1
 1438 0637 31       		.byte	0x31
 1439 0638 00       		.byte	0
 1440 0639 10       		.uleb128 0x10
 1441 063a 4E000000 		.4byte	.LVL86
 1442 063e 16070000 		.4byte	0x716
 1443 0642 4C060000 		.4byte	0x64c
 1444 0646 0E       		.uleb128 0xe
 1445 0647 01       		.uleb128 0x1
 1446 0648 50       		.byte	0x50
 1447 0649 01       		.uleb128 0x1
 1448 064a 31       		.byte	0x31
 1449 064b 00       		.byte	0
 1450 064c 10       		.uleb128 0x10
 1451 064d 54000000 		.4byte	.LVL87
 1452 0651 21070000 		.4byte	0x721
 1453 0655 5F060000 		.4byte	0x65f
 1454 0659 0E       		.uleb128 0xe
 1455 065a 01       		.uleb128 0x1
 1456 065b 50       		.byte	0x50
 1457 065c 01       		.uleb128 0x1
 1458 065d 31       		.byte	0x31
 1459 065e 00       		.byte	0
 1460 065f 10       		.uleb128 0x10
 1461 0660 5A000000 		.4byte	.LVL88
 1462 0664 2C070000 		.4byte	0x72c
 1463 0668 72060000 		.4byte	0x672
 1464 066c 0E       		.uleb128 0xe
 1465 066d 01       		.uleb128 0x1
 1466 066e 50       		.byte	0x50
 1467 066f 01       		.uleb128 0x1
 1468 0670 31       		.byte	0x31
 1469 0671 00       		.byte	0
 1470 0672 13       		.uleb128 0x13
 1471 0673 60000000 		.4byte	.LVL89
 1472 0677 A5070000 		.4byte	0x7a5
 1473 067b 13       		.uleb128 0x13
 1474 067c 66000000 		.4byte	.LVL90
 1475 0680 1F020000 		.4byte	0x21f
 1476 0684 13       		.uleb128 0x13
 1477 0685 6C000000 		.4byte	.LVL91
 1478 0689 B0070000 		.4byte	0x7b0
 1479 068d 13       		.uleb128 0x13
 1480 068e 72000000 		.4byte	.LVL92
 1481 0692 4C010000 		.4byte	0x14c
 1482 0696 10       		.uleb128 0x10
 1483 0697 7A000000 		.4byte	.LVL93
 1484 069b 0B070000 		.4byte	0x70b
 1485 069f A9060000 		.4byte	0x6a9
 1486 06a3 0E       		.uleb128 0xe
 1487 06a4 01       		.uleb128 0x1
 1488 06a5 50       		.byte	0x50
 1489 06a6 01       		.uleb128 0x1
 1490 06a7 30       		.byte	0x30
 1491 06a8 00       		.byte	0
ARM GAS  C:\Users\vidan\AppData\Local\Temp\cc8gr6o6.s 			page 30


 1492 06a9 10       		.uleb128 0x10
 1493 06aa 80000000 		.4byte	.LVL94
 1494 06ae 16070000 		.4byte	0x716
 1495 06b2 BC060000 		.4byte	0x6bc
 1496 06b6 0E       		.uleb128 0xe
 1497 06b7 01       		.uleb128 0x1
 1498 06b8 50       		.byte	0x50
 1499 06b9 01       		.uleb128 0x1
 1500 06ba 30       		.byte	0x30
 1501 06bb 00       		.byte	0
 1502 06bc 10       		.uleb128 0x10
 1503 06bd 86000000 		.4byte	.LVL95
 1504 06c1 21070000 		.4byte	0x721
 1505 06c5 CF060000 		.4byte	0x6cf
 1506 06c9 0E       		.uleb128 0xe
 1507 06ca 01       		.uleb128 0x1
 1508 06cb 50       		.byte	0x50
 1509 06cc 01       		.uleb128 0x1
 1510 06cd 30       		.byte	0x30
 1511 06ce 00       		.byte	0
 1512 06cf 0D       		.uleb128 0xd
 1513 06d0 8C000000 		.4byte	.LVL96
 1514 06d4 2C070000 		.4byte	0x72c
 1515 06d8 0E       		.uleb128 0xe
 1516 06d9 01       		.uleb128 0x1
 1517 06da 50       		.byte	0x50
 1518 06db 01       		.uleb128 0x1
 1519 06dc 30       		.byte	0x30
 1520 06dd 00       		.byte	0
 1521 06de 00       		.byte	0
 1522 06df 15       		.uleb128 0x15
 1523 06e0 8F000000 		.4byte	0x8f
 1524 06e4 EF060000 		.4byte	0x6ef
 1525 06e8 16       		.uleb128 0x16
 1526 06e9 96000000 		.4byte	0x96
 1527 06ed 00       		.byte	0
 1528 06ee 00       		.byte	0
 1529 06ef 17       		.uleb128 0x17
 1530 06f0 90010000 		.4byte	.LASF51
 1531 06f4 0F       		.byte	0xf
 1532 06f5 1207     		.2byte	0x712
 1533 06f7 FB060000 		.4byte	0x6fb
 1534 06fb 18       		.uleb128 0x18
 1535 06fc 76000000 		.4byte	0x76
 1536 0700 19       		.uleb128 0x19
 1537 0701 F2020000 		.4byte	.LASF30
 1538 0705 F2020000 		.4byte	.LASF30
 1539 0709 01       		.byte	0x1
 1540 070a 12       		.byte	0x12
 1541 070b 19       		.uleb128 0x19
 1542 070c 9D010000 		.4byte	.LASF31
 1543 0710 9D010000 		.4byte	.LASF31
 1544 0714 04       		.byte	0x4
 1545 0715 26       		.byte	0x26
 1546 0716 19       		.uleb128 0x19
 1547 0717 77010000 		.4byte	.LASF32
 1548 071b 77010000 		.4byte	.LASF32
ARM GAS  C:\Users\vidan\AppData\Local\Temp\cc8gr6o6.s 			page 31


 1549 071f 05       		.byte	0x5
 1550 0720 26       		.byte	0x26
 1551 0721 19       		.uleb128 0x19
 1552 0722 87010000 		.4byte	.LASF33
 1553 0726 87010000 		.4byte	.LASF33
 1554 072a 06       		.byte	0x6
 1555 072b 26       		.byte	0x26
 1556 072c 19       		.uleb128 0x19
 1557 072d 33000000 		.4byte	.LASF34
 1558 0731 33000000 		.4byte	.LASF34
 1559 0735 07       		.byte	0x7
 1560 0736 26       		.byte	0x26
 1561 0737 19       		.uleb128 0x19
 1562 0738 EA020000 		.4byte	.LASF35
 1563 073c EA020000 		.4byte	.LASF35
 1564 0740 08       		.byte	0x8
 1565 0741 76       		.byte	0x76
 1566 0742 19       		.uleb128 0x19
 1567 0743 1A020000 		.4byte	.LASF36
 1568 0747 1A020000 		.4byte	.LASF36
 1569 074b 09       		.byte	0x9
 1570 074c 3D       		.byte	0x3d
 1571 074d 19       		.uleb128 0x19
 1572 074e 8A000000 		.4byte	.LASF37
 1573 0752 8A000000 		.4byte	.LASF37
 1574 0756 09       		.byte	0x9
 1575 0757 3C       		.byte	0x3c
 1576 0758 19       		.uleb128 0x19
 1577 0759 80010000 		.4byte	.LASF38
 1578 075d 80010000 		.4byte	.LASF38
 1579 0761 0A       		.byte	0xa
 1580 0762 1C       		.byte	0x1c
 1581 0763 19       		.uleb128 0x19
 1582 0764 05000000 		.4byte	.LASF39
 1583 0768 05000000 		.4byte	.LASF39
 1584 076c 09       		.byte	0x9
 1585 076d 3A       		.byte	0x3a
 1586 076e 19       		.uleb128 0x19
 1587 076f A6010000 		.4byte	.LASF40
 1588 0773 A6010000 		.4byte	.LASF40
 1589 0777 0A       		.byte	0xa
 1590 0778 21       		.byte	0x21
 1591 0779 19       		.uleb128 0x19
 1592 077a A0020000 		.4byte	.LASF41
 1593 077e A0020000 		.4byte	.LASF41
 1594 0782 09       		.byte	0x9
 1595 0783 38       		.byte	0x38
 1596 0784 19       		.uleb128 0x19
 1597 0785 EF010000 		.4byte	.LASF42
 1598 0789 EF010000 		.4byte	.LASF42
 1599 078d 0B       		.byte	0xb
 1600 078e 0E       		.byte	0xe
 1601 078f 19       		.uleb128 0x19
 1602 0790 0F020000 		.4byte	.LASF43
 1603 0794 0F020000 		.4byte	.LASF43
 1604 0798 0B       		.byte	0xb
 1605 0799 0F       		.byte	0xf
ARM GAS  C:\Users\vidan\AppData\Local\Temp\cc8gr6o6.s 			page 32


 1606 079a 19       		.uleb128 0x19
 1607 079b DC020000 		.4byte	.LASF44
 1608 079f DC020000 		.4byte	.LASF44
 1609 07a3 0C       		.byte	0xc
 1610 07a4 29       		.byte	0x29
 1611 07a5 19       		.uleb128 0x19
 1612 07a6 AD010000 		.4byte	.LASF45
 1613 07aa AD010000 		.4byte	.LASF45
 1614 07ae 0D       		.byte	0xd
 1615 07af 29       		.byte	0x29
 1616 07b0 19       		.uleb128 0x19
 1617 07b1 CE020000 		.4byte	.LASF46
 1618 07b5 CE020000 		.4byte	.LASF46
 1619 07b9 0E       		.byte	0xe
 1620 07ba 29       		.byte	0x29
 1621 07bb 00       		.byte	0
 1622              		.section	.debug_abbrev,"",%progbits
 1623              	.Ldebug_abbrev0:
 1624 0000 01       		.uleb128 0x1
 1625 0001 11       		.uleb128 0x11
 1626 0002 01       		.byte	0x1
 1627 0003 25       		.uleb128 0x25
 1628 0004 0E       		.uleb128 0xe
 1629 0005 13       		.uleb128 0x13
 1630 0006 0B       		.uleb128 0xb
 1631 0007 03       		.uleb128 0x3
 1632 0008 0E       		.uleb128 0xe
 1633 0009 1B       		.uleb128 0x1b
 1634 000a 0E       		.uleb128 0xe
 1635 000b 55       		.uleb128 0x55
 1636 000c 17       		.uleb128 0x17
 1637 000d 11       		.uleb128 0x11
 1638 000e 01       		.uleb128 0x1
 1639 000f 10       		.uleb128 0x10
 1640 0010 17       		.uleb128 0x17
 1641 0011 00       		.byte	0
 1642 0012 00       		.byte	0
 1643 0013 02       		.uleb128 0x2
 1644 0014 24       		.uleb128 0x24
 1645 0015 00       		.byte	0
 1646 0016 0B       		.uleb128 0xb
 1647 0017 0B       		.uleb128 0xb
 1648 0018 3E       		.uleb128 0x3e
 1649 0019 0B       		.uleb128 0xb
 1650 001a 03       		.uleb128 0x3
 1651 001b 0E       		.uleb128 0xe
 1652 001c 00       		.byte	0
 1653 001d 00       		.byte	0
 1654 001e 03       		.uleb128 0x3
 1655 001f 16       		.uleb128 0x16
 1656 0020 00       		.byte	0
 1657 0021 03       		.uleb128 0x3
 1658 0022 0E       		.uleb128 0xe
 1659 0023 3A       		.uleb128 0x3a
 1660 0024 0B       		.uleb128 0xb
 1661 0025 3B       		.uleb128 0x3b
 1662 0026 0B       		.uleb128 0xb
ARM GAS  C:\Users\vidan\AppData\Local\Temp\cc8gr6o6.s 			page 33


 1663 0027 49       		.uleb128 0x49
 1664 0028 13       		.uleb128 0x13
 1665 0029 00       		.byte	0
 1666 002a 00       		.byte	0
 1667 002b 04       		.uleb128 0x4
 1668 002c 24       		.uleb128 0x24
 1669 002d 00       		.byte	0
 1670 002e 0B       		.uleb128 0xb
 1671 002f 0B       		.uleb128 0xb
 1672 0030 3E       		.uleb128 0x3e
 1673 0031 0B       		.uleb128 0xb
 1674 0032 03       		.uleb128 0x3
 1675 0033 08       		.uleb128 0x8
 1676 0034 00       		.byte	0
 1677 0035 00       		.byte	0
 1678 0036 05       		.uleb128 0x5
 1679 0037 0F       		.uleb128 0xf
 1680 0038 00       		.byte	0
 1681 0039 0B       		.uleb128 0xb
 1682 003a 0B       		.uleb128 0xb
 1683 003b 49       		.uleb128 0x49
 1684 003c 13       		.uleb128 0x13
 1685 003d 00       		.byte	0
 1686 003e 00       		.byte	0
 1687 003f 06       		.uleb128 0x6
 1688 0040 04       		.uleb128 0x4
 1689 0041 01       		.byte	0x1
 1690 0042 0B       		.uleb128 0xb
 1691 0043 0B       		.uleb128 0xb
 1692 0044 49       		.uleb128 0x49
 1693 0045 13       		.uleb128 0x13
 1694 0046 3A       		.uleb128 0x3a
 1695 0047 0B       		.uleb128 0xb
 1696 0048 3B       		.uleb128 0x3b
 1697 0049 0B       		.uleb128 0xb
 1698 004a 01       		.uleb128 0x1
 1699 004b 13       		.uleb128 0x13
 1700 004c 00       		.byte	0
 1701 004d 00       		.byte	0
 1702 004e 07       		.uleb128 0x7
 1703 004f 28       		.uleb128 0x28
 1704 0050 00       		.byte	0
 1705 0051 03       		.uleb128 0x3
 1706 0052 0E       		.uleb128 0xe
 1707 0053 1C       		.uleb128 0x1c
 1708 0054 0B       		.uleb128 0xb
 1709 0055 00       		.byte	0
 1710 0056 00       		.byte	0
 1711 0057 08       		.uleb128 0x8
 1712 0058 2E       		.uleb128 0x2e
 1713 0059 01       		.byte	0x1
 1714 005a 3F       		.uleb128 0x3f
 1715 005b 19       		.uleb128 0x19
 1716 005c 03       		.uleb128 0x3
 1717 005d 0E       		.uleb128 0xe
 1718 005e 3A       		.uleb128 0x3a
 1719 005f 0B       		.uleb128 0xb
ARM GAS  C:\Users\vidan\AppData\Local\Temp\cc8gr6o6.s 			page 34


 1720 0060 3B       		.uleb128 0x3b
 1721 0061 0B       		.uleb128 0xb
 1722 0062 27       		.uleb128 0x27
 1723 0063 19       		.uleb128 0x19
 1724 0064 49       		.uleb128 0x49
 1725 0065 13       		.uleb128 0x13
 1726 0066 11       		.uleb128 0x11
 1727 0067 01       		.uleb128 0x1
 1728 0068 12       		.uleb128 0x12
 1729 0069 06       		.uleb128 0x6
 1730 006a 40       		.uleb128 0x40
 1731 006b 18       		.uleb128 0x18
 1732 006c 9742     		.uleb128 0x2117
 1733 006e 19       		.uleb128 0x19
 1734 006f 01       		.uleb128 0x1
 1735 0070 13       		.uleb128 0x13
 1736 0071 00       		.byte	0
 1737 0072 00       		.byte	0
 1738 0073 09       		.uleb128 0x9
 1739 0074 05       		.uleb128 0x5
 1740 0075 00       		.byte	0
 1741 0076 03       		.uleb128 0x3
 1742 0077 0E       		.uleb128 0xe
 1743 0078 3A       		.uleb128 0x3a
 1744 0079 0B       		.uleb128 0xb
 1745 007a 3B       		.uleb128 0x3b
 1746 007b 0B       		.uleb128 0xb
 1747 007c 49       		.uleb128 0x49
 1748 007d 13       		.uleb128 0x13
 1749 007e 02       		.uleb128 0x2
 1750 007f 17       		.uleb128 0x17
 1751 0080 00       		.byte	0
 1752 0081 00       		.byte	0
 1753 0082 0A       		.uleb128 0xa
 1754 0083 34       		.uleb128 0x34
 1755 0084 00       		.byte	0
 1756 0085 03       		.uleb128 0x3
 1757 0086 0E       		.uleb128 0xe
 1758 0087 3A       		.uleb128 0x3a
 1759 0088 0B       		.uleb128 0xb
 1760 0089 3B       		.uleb128 0x3b
 1761 008a 0B       		.uleb128 0xb
 1762 008b 49       		.uleb128 0x49
 1763 008c 13       		.uleb128 0x13
 1764 008d 02       		.uleb128 0x2
 1765 008e 18       		.uleb128 0x18
 1766 008f 00       		.byte	0
 1767 0090 00       		.byte	0
 1768 0091 0B       		.uleb128 0xb
 1769 0092 2E       		.uleb128 0x2e
 1770 0093 01       		.byte	0x1
 1771 0094 3F       		.uleb128 0x3f
 1772 0095 19       		.uleb128 0x19
 1773 0096 03       		.uleb128 0x3
 1774 0097 0E       		.uleb128 0xe
 1775 0098 3A       		.uleb128 0x3a
 1776 0099 0B       		.uleb128 0xb
ARM GAS  C:\Users\vidan\AppData\Local\Temp\cc8gr6o6.s 			page 35


 1777 009a 3B       		.uleb128 0x3b
 1778 009b 0B       		.uleb128 0xb
 1779 009c 49       		.uleb128 0x49
 1780 009d 13       		.uleb128 0x13
 1781 009e 3C       		.uleb128 0x3c
 1782 009f 19       		.uleb128 0x19
 1783 00a0 01       		.uleb128 0x1
 1784 00a1 13       		.uleb128 0x13
 1785 00a2 00       		.byte	0
 1786 00a3 00       		.byte	0
 1787 00a4 0C       		.uleb128 0xc
 1788 00a5 18       		.uleb128 0x18
 1789 00a6 00       		.byte	0
 1790 00a7 00       		.byte	0
 1791 00a8 00       		.byte	0
 1792 00a9 0D       		.uleb128 0xd
 1793 00aa 898201   		.uleb128 0x4109
 1794 00ad 01       		.byte	0x1
 1795 00ae 11       		.uleb128 0x11
 1796 00af 01       		.uleb128 0x1
 1797 00b0 31       		.uleb128 0x31
 1798 00b1 13       		.uleb128 0x13
 1799 00b2 00       		.byte	0
 1800 00b3 00       		.byte	0
 1801 00b4 0E       		.uleb128 0xe
 1802 00b5 8A8201   		.uleb128 0x410a
 1803 00b8 00       		.byte	0
 1804 00b9 02       		.uleb128 0x2
 1805 00ba 18       		.uleb128 0x18
 1806 00bb 9142     		.uleb128 0x2111
 1807 00bd 18       		.uleb128 0x18
 1808 00be 00       		.byte	0
 1809 00bf 00       		.byte	0
 1810 00c0 0F       		.uleb128 0xf
 1811 00c1 2E       		.uleb128 0x2e
 1812 00c2 01       		.byte	0x1
 1813 00c3 3F       		.uleb128 0x3f
 1814 00c4 19       		.uleb128 0x19
 1815 00c5 03       		.uleb128 0x3
 1816 00c6 0E       		.uleb128 0xe
 1817 00c7 3A       		.uleb128 0x3a
 1818 00c8 0B       		.uleb128 0xb
 1819 00c9 3B       		.uleb128 0x3b
 1820 00ca 0B       		.uleb128 0xb
 1821 00cb 11       		.uleb128 0x11
 1822 00cc 01       		.uleb128 0x1
 1823 00cd 12       		.uleb128 0x12
 1824 00ce 06       		.uleb128 0x6
 1825 00cf 40       		.uleb128 0x40
 1826 00d0 18       		.uleb128 0x18
 1827 00d1 9742     		.uleb128 0x2117
 1828 00d3 19       		.uleb128 0x19
 1829 00d4 01       		.uleb128 0x1
 1830 00d5 13       		.uleb128 0x13
 1831 00d6 00       		.byte	0
 1832 00d7 00       		.byte	0
 1833 00d8 10       		.uleb128 0x10
ARM GAS  C:\Users\vidan\AppData\Local\Temp\cc8gr6o6.s 			page 36


 1834 00d9 898201   		.uleb128 0x4109
 1835 00dc 01       		.byte	0x1
 1836 00dd 11       		.uleb128 0x11
 1837 00de 01       		.uleb128 0x1
 1838 00df 31       		.uleb128 0x31
 1839 00e0 13       		.uleb128 0x13
 1840 00e1 01       		.uleb128 0x1
 1841 00e2 13       		.uleb128 0x13
 1842 00e3 00       		.byte	0
 1843 00e4 00       		.byte	0
 1844 00e5 11       		.uleb128 0x11
 1845 00e6 2E       		.uleb128 0x2e
 1846 00e7 01       		.byte	0x1
 1847 00e8 3F       		.uleb128 0x3f
 1848 00e9 19       		.uleb128 0x19
 1849 00ea 03       		.uleb128 0x3
 1850 00eb 0E       		.uleb128 0xe
 1851 00ec 3A       		.uleb128 0x3a
 1852 00ed 0B       		.uleb128 0xb
 1853 00ee 3B       		.uleb128 0x3b
 1854 00ef 0B       		.uleb128 0xb
 1855 00f0 27       		.uleb128 0x27
 1856 00f1 19       		.uleb128 0x19
 1857 00f2 11       		.uleb128 0x11
 1858 00f3 01       		.uleb128 0x1
 1859 00f4 12       		.uleb128 0x12
 1860 00f5 06       		.uleb128 0x6
 1861 00f6 40       		.uleb128 0x40
 1862 00f7 18       		.uleb128 0x18
 1863 00f8 9742     		.uleb128 0x2117
 1864 00fa 19       		.uleb128 0x19
 1865 00fb 01       		.uleb128 0x1
 1866 00fc 13       		.uleb128 0x13
 1867 00fd 00       		.byte	0
 1868 00fe 00       		.byte	0
 1869 00ff 12       		.uleb128 0x12
 1870 0100 34       		.uleb128 0x34
 1871 0101 00       		.byte	0
 1872 0102 03       		.uleb128 0x3
 1873 0103 08       		.uleb128 0x8
 1874 0104 3A       		.uleb128 0x3a
 1875 0105 0B       		.uleb128 0xb
 1876 0106 3B       		.uleb128 0x3b
 1877 0107 0B       		.uleb128 0xb
 1878 0108 49       		.uleb128 0x49
 1879 0109 13       		.uleb128 0x13
 1880 010a 02       		.uleb128 0x2
 1881 010b 17       		.uleb128 0x17
 1882 010c 00       		.byte	0
 1883 010d 00       		.byte	0
 1884 010e 13       		.uleb128 0x13
 1885 010f 898201   		.uleb128 0x4109
 1886 0112 00       		.byte	0
 1887 0113 11       		.uleb128 0x11
 1888 0114 01       		.uleb128 0x1
 1889 0115 31       		.uleb128 0x31
 1890 0116 13       		.uleb128 0x13
ARM GAS  C:\Users\vidan\AppData\Local\Temp\cc8gr6o6.s 			page 37


 1891 0117 00       		.byte	0
 1892 0118 00       		.byte	0
 1893 0119 14       		.uleb128 0x14
 1894 011a 2E       		.uleb128 0x2e
 1895 011b 01       		.byte	0x1
 1896 011c 3F       		.uleb128 0x3f
 1897 011d 19       		.uleb128 0x19
 1898 011e 03       		.uleb128 0x3
 1899 011f 0E       		.uleb128 0xe
 1900 0120 3A       		.uleb128 0x3a
 1901 0121 0B       		.uleb128 0xb
 1902 0122 3B       		.uleb128 0x3b
 1903 0123 0B       		.uleb128 0xb
 1904 0124 27       		.uleb128 0x27
 1905 0125 19       		.uleb128 0x19
 1906 0126 49       		.uleb128 0x49
 1907 0127 13       		.uleb128 0x13
 1908 0128 8701     		.uleb128 0x87
 1909 012a 19       		.uleb128 0x19
 1910 012b 11       		.uleb128 0x11
 1911 012c 01       		.uleb128 0x1
 1912 012d 12       		.uleb128 0x12
 1913 012e 06       		.uleb128 0x6
 1914 012f 40       		.uleb128 0x40
 1915 0130 18       		.uleb128 0x18
 1916 0131 9742     		.uleb128 0x2117
 1917 0133 19       		.uleb128 0x19
 1918 0134 01       		.uleb128 0x1
 1919 0135 13       		.uleb128 0x13
 1920 0136 00       		.byte	0
 1921 0137 00       		.byte	0
 1922 0138 15       		.uleb128 0x15
 1923 0139 01       		.uleb128 0x1
 1924 013a 01       		.byte	0x1
 1925 013b 49       		.uleb128 0x49
 1926 013c 13       		.uleb128 0x13
 1927 013d 01       		.uleb128 0x1
 1928 013e 13       		.uleb128 0x13
 1929 013f 00       		.byte	0
 1930 0140 00       		.byte	0
 1931 0141 16       		.uleb128 0x16
 1932 0142 21       		.uleb128 0x21
 1933 0143 00       		.byte	0
 1934 0144 49       		.uleb128 0x49
 1935 0145 13       		.uleb128 0x13
 1936 0146 2F       		.uleb128 0x2f
 1937 0147 0B       		.uleb128 0xb
 1938 0148 00       		.byte	0
 1939 0149 00       		.byte	0
 1940 014a 17       		.uleb128 0x17
 1941 014b 34       		.uleb128 0x34
 1942 014c 00       		.byte	0
 1943 014d 03       		.uleb128 0x3
 1944 014e 0E       		.uleb128 0xe
 1945 014f 3A       		.uleb128 0x3a
 1946 0150 0B       		.uleb128 0xb
 1947 0151 3B       		.uleb128 0x3b
ARM GAS  C:\Users\vidan\AppData\Local\Temp\cc8gr6o6.s 			page 38


 1948 0152 05       		.uleb128 0x5
 1949 0153 49       		.uleb128 0x49
 1950 0154 13       		.uleb128 0x13
 1951 0155 3F       		.uleb128 0x3f
 1952 0156 19       		.uleb128 0x19
 1953 0157 3C       		.uleb128 0x3c
 1954 0158 19       		.uleb128 0x19
 1955 0159 00       		.byte	0
 1956 015a 00       		.byte	0
 1957 015b 18       		.uleb128 0x18
 1958 015c 35       		.uleb128 0x35
 1959 015d 00       		.byte	0
 1960 015e 49       		.uleb128 0x49
 1961 015f 13       		.uleb128 0x13
 1962 0160 00       		.byte	0
 1963 0161 00       		.byte	0
 1964 0162 19       		.uleb128 0x19
 1965 0163 2E       		.uleb128 0x2e
 1966 0164 00       		.byte	0
 1967 0165 3F       		.uleb128 0x3f
 1968 0166 19       		.uleb128 0x19
 1969 0167 3C       		.uleb128 0x3c
 1970 0168 19       		.uleb128 0x19
 1971 0169 6E       		.uleb128 0x6e
 1972 016a 0E       		.uleb128 0xe
 1973 016b 03       		.uleb128 0x3
 1974 016c 0E       		.uleb128 0xe
 1975 016d 3A       		.uleb128 0x3a
 1976 016e 0B       		.uleb128 0xb
 1977 016f 3B       		.uleb128 0x3b
 1978 0170 0B       		.uleb128 0xb
 1979 0171 00       		.byte	0
 1980 0172 00       		.byte	0
 1981 0173 00       		.byte	0
 1982              		.section	.debug_loc,"",%progbits
 1983              	.Ldebug_loc0:
 1984              	.LLST0:
 1985 0000 00000000 		.4byte	.LVL0
 1986 0004 14000000 		.4byte	.LVL2
 1987 0008 0100     		.2byte	0x1
 1988 000a 50       		.byte	0x50
 1989 000b 14000000 		.4byte	.LVL2
 1990 000f 17000000 		.4byte	.LVL3-1
 1991 0013 0100     		.2byte	0x1
 1992 0015 52       		.byte	0x52
 1993 0016 17000000 		.4byte	.LVL3-1
 1994 001a 24000000 		.4byte	.LFE63
 1995 001e 0400     		.2byte	0x4
 1996 0020 F3       		.byte	0xf3
 1997 0021 01       		.uleb128 0x1
 1998 0022 50       		.byte	0x50
 1999 0023 9F       		.byte	0x9f
 2000 0024 00000000 		.4byte	0
 2001 0028 00000000 		.4byte	0
 2002              	.LLST1:
 2003 002c 00000000 		.4byte	.LVL0
 2004 0030 12000000 		.4byte	.LVL1
ARM GAS  C:\Users\vidan\AppData\Local\Temp\cc8gr6o6.s 			page 39


 2005 0034 0100     		.2byte	0x1
 2006 0036 51       		.byte	0x51
 2007 0037 12000000 		.4byte	.LVL1
 2008 003b 17000000 		.4byte	.LVL3-1
 2009 003f 0100     		.2byte	0x1
 2010 0041 53       		.byte	0x53
 2011 0042 17000000 		.4byte	.LVL3-1
 2012 0046 24000000 		.4byte	.LFE63
 2013 004a 0400     		.2byte	0x4
 2014 004c F3       		.byte	0xf3
 2015 004d 01       		.uleb128 0x1
 2016 004e 51       		.byte	0x51
 2017 004f 9F       		.byte	0x9f
 2018 0050 00000000 		.4byte	0
 2019 0054 00000000 		.4byte	0
 2020              	.LLST2:
 2021 0058 00000000 		.4byte	.LVL24
 2022 005c 08000000 		.4byte	.LVL25
 2023 0060 0100     		.2byte	0x1
 2024 0062 50       		.byte	0x50
 2025 0063 08000000 		.4byte	.LVL25
 2026 0067 14000000 		.4byte	.LFE66
 2027 006b 0100     		.2byte	0x1
 2028 006d 54       		.byte	0x54
 2029 006e 00000000 		.4byte	0
 2030 0072 00000000 		.4byte	0
 2031              	.LLST3:
 2032 0076 00000000 		.4byte	.LVL28
 2033 007a 09000000 		.4byte	.LVL29-1
 2034 007e 0100     		.2byte	0x1
 2035 0080 50       		.byte	0x50
 2036 0081 09000000 		.4byte	.LVL29-1
 2037 0085 14000000 		.4byte	.LVL31
 2038 0089 0100     		.2byte	0x1
 2039 008b 54       		.byte	0x54
 2040 008c 14000000 		.4byte	.LVL31
 2041 0090 56000000 		.4byte	.LVL44
 2042 0094 0400     		.2byte	0x4
 2043 0096 F3       		.byte	0xf3
 2044 0097 01       		.uleb128 0x1
 2045 0098 50       		.byte	0x50
 2046 0099 9F       		.byte	0x9f
 2047 009a 56000000 		.4byte	.LVL44
 2048 009e 6C000000 		.4byte	.LVL48
 2049 00a2 0100     		.2byte	0x1
 2050 00a4 54       		.byte	0x54
 2051 00a5 6C000000 		.4byte	.LVL48
 2052 00a9 D4000000 		.4byte	.LFE67
 2053 00ad 0400     		.2byte	0x4
 2054 00af F3       		.byte	0xf3
 2055 00b0 01       		.uleb128 0x1
 2056 00b1 50       		.byte	0x50
 2057 00b2 9F       		.byte	0x9f
 2058 00b3 00000000 		.4byte	0
 2059 00b7 00000000 		.4byte	0
 2060              	.LLST4:
 2061 00bb 12000000 		.4byte	.LVL30
ARM GAS  C:\Users\vidan\AppData\Local\Temp\cc8gr6o6.s 			page 40


 2062 00bf 16000000 		.4byte	.LVL32
 2063 00c3 0200     		.2byte	0x2
 2064 00c5 31       		.byte	0x31
 2065 00c6 9F       		.byte	0x9f
 2066 00c7 16000000 		.4byte	.LVL32
 2067 00cb 28000000 		.4byte	.LVL35
 2068 00cf 0100     		.2byte	0x1
 2069 00d1 54       		.byte	0x54
 2070 00d2 28000000 		.4byte	.LVL35
 2071 00d6 2C000000 		.4byte	.LVL36
 2072 00da 0200     		.2byte	0x2
 2073 00dc 31       		.byte	0x31
 2074 00dd 9F       		.byte	0x9f
 2075 00de 2C000000 		.4byte	.LVL36
 2076 00e2 3E000000 		.4byte	.LVL39
 2077 00e6 0100     		.2byte	0x1
 2078 00e8 54       		.byte	0x54
 2079 00e9 3E000000 		.4byte	.LVL39
 2080 00ed 42000000 		.4byte	.LVL40
 2081 00f1 0200     		.2byte	0x2
 2082 00f3 31       		.byte	0x31
 2083 00f4 9F       		.byte	0x9f
 2084 00f5 42000000 		.4byte	.LVL40
 2085 00f9 56000000 		.4byte	.LVL44
 2086 00fd 0100     		.2byte	0x1
 2087 00ff 54       		.byte	0x54
 2088 0100 6A000000 		.4byte	.LVL47
 2089 0104 6E000000 		.4byte	.LVL49
 2090 0108 0200     		.2byte	0x2
 2091 010a 31       		.byte	0x31
 2092 010b 9F       		.byte	0x9f
 2093 010c 6E000000 		.4byte	.LVL49
 2094 0110 AC000000 		.4byte	.LVL60
 2095 0114 0100     		.2byte	0x1
 2096 0116 54       		.byte	0x54
 2097 0117 AC000000 		.4byte	.LVL60
 2098 011b B0000000 		.4byte	.LVL61
 2099 011f 0200     		.2byte	0x2
 2100 0121 31       		.byte	0x31
 2101 0122 9F       		.byte	0x9f
 2102 0123 B0000000 		.4byte	.LVL61
 2103 0127 C2000000 		.4byte	.LVL64
 2104 012b 0100     		.2byte	0x1
 2105 012d 54       		.byte	0x54
 2106 012e 00000000 		.4byte	0
 2107 0132 00000000 		.4byte	0
 2108              	.LLST5:
 2109 0136 00000000 		.4byte	.LVL66
 2110 013a 07000000 		.4byte	.LVL67-1
 2111 013e 0100     		.2byte	0x1
 2112 0140 50       		.byte	0x50
 2113 0141 07000000 		.4byte	.LVL67-1
 2114 0145 44000000 		.4byte	.LVL76
 2115 0149 0100     		.2byte	0x1
 2116 014b 54       		.byte	0x54
 2117 014c 44000000 		.4byte	.LVL76
 2118 0150 54000000 		.4byte	.LFE68
ARM GAS  C:\Users\vidan\AppData\Local\Temp\cc8gr6o6.s 			page 41


 2119 0154 0400     		.2byte	0x4
 2120 0156 F3       		.byte	0xf3
 2121 0157 01       		.uleb128 0x1
 2122 0158 50       		.byte	0x50
 2123 0159 9F       		.byte	0x9f
 2124 015a 00000000 		.4byte	0
 2125 015e 00000000 		.4byte	0
 2126              		.section	.debug_aranges,"",%progbits
 2127 0000 4C000000 		.4byte	0x4c
 2128 0004 0200     		.2byte	0x2
 2129 0006 00000000 		.4byte	.Ldebug_info0
 2130 000a 04       		.byte	0x4
 2131 000b 00       		.byte	0
 2132 000c 0000     		.2byte	0
 2133 000e 0000     		.2byte	0
 2134 0010 00000000 		.4byte	.LFB63
 2135 0014 24000000 		.4byte	.LFE63-.LFB63
 2136 0018 00000000 		.4byte	.LFB64
 2137 001c 42000000 		.4byte	.LFE64-.LFB64
 2138 0020 00000000 		.4byte	.LFB65
 2139 0024 40000000 		.4byte	.LFE65-.LFB65
 2140 0028 00000000 		.4byte	.LFB66
 2141 002c 14000000 		.4byte	.LFE66-.LFB66
 2142 0030 00000000 		.4byte	.LFB67
 2143 0034 D4000000 		.4byte	.LFE67-.LFB67
 2144 0038 00000000 		.4byte	.LFB68
 2145 003c 54000000 		.4byte	.LFE68-.LFB68
 2146 0040 00000000 		.4byte	.LFB69
 2147 0044 94000000 		.4byte	.LFE69-.LFB69
 2148 0048 00000000 		.4byte	0
 2149 004c 00000000 		.4byte	0
 2150              		.section	.debug_ranges,"",%progbits
 2151              	.Ldebug_ranges0:
 2152 0000 00000000 		.4byte	.LFB63
 2153 0004 24000000 		.4byte	.LFE63
 2154 0008 00000000 		.4byte	.LFB64
 2155 000c 42000000 		.4byte	.LFE64
 2156 0010 00000000 		.4byte	.LFB65
 2157 0014 40000000 		.4byte	.LFE65
 2158 0018 00000000 		.4byte	.LFB66
 2159 001c 14000000 		.4byte	.LFE66
 2160 0020 00000000 		.4byte	.LFB67
 2161 0024 D4000000 		.4byte	.LFE67
 2162 0028 00000000 		.4byte	.LFB68
 2163 002c 54000000 		.4byte	.LFE68
 2164 0030 00000000 		.4byte	.LFB69
 2165 0034 94000000 		.4byte	.LFE69
 2166 0038 00000000 		.4byte	0
 2167 003c 00000000 		.4byte	0
 2168              		.section	.debug_line,"",%progbits
 2169              	.Ldebug_line0:
 2170 0000 40030000 		.section	.debug_str,"MS",%progbits,1
 2170      02002402 
 2170      00000201 
 2170      FB0E0D00 
 2170      01010101 
 2171              	.LASF17:
ARM GAS  C:\Users\vidan\AppData\Local\Temp\cc8gr6o6.s 			page 42


 2172 0000 74727565 		.ascii	"true\000"
 2172      00
 2173              	.LASF39:
 2174 0005 4C43445F 		.ascii	"LCD_Char_1_WriteControl\000"
 2174      43686172 
 2174      5F315F57 
 2174      72697465 
 2174      436F6E74 
 2175              	.LASF22:
 2176 001d 4D616B65 		.ascii	"MakeShortLight\000"
 2176      53686F72 
 2176      744C6967 
 2176      687400
 2177              	.LASF29:
 2178 002c 7369676E 		.ascii	"signal\000"
 2178      616C00
 2179              	.LASF34:
 2180 0033 44345F57 		.ascii	"D4_Write\000"
 2180      72697465 
 2180      00
 2181              	.LASF9:
 2182 003c 5F5F696E 		.ascii	"__int32_t\000"
 2182      7433325F 
 2182      7400
 2183              	.LASF18:
 2184 0046 626F6F6C 		.ascii	"bool\000"
 2184      00
 2185              	.LASF8:
 2186 004b 756E7369 		.ascii	"unsigned int\000"
 2186      676E6564 
 2186      20696E74 
 2186      00
 2187              	.LASF28:
 2188 0058 53656E64 		.ascii	"Send_SOS_message\000"
 2188      5F534F53 
 2188      5F6D6573 
 2188      73616765 
 2188      00
 2189              	.LASF16:
 2190 0069 66616C73 		.ascii	"false\000"
 2190      6500
 2191              	.LASF23:
 2192 006f 73747269 		.ascii	"string\000"
 2192      6E6700
 2193              	.LASF11:
 2194 0076 666C6F61 		.ascii	"float\000"
 2194      7400
 2195              	.LASF6:
 2196 007c 6C6F6E67 		.ascii	"long long int\000"
 2196      206C6F6E 
 2196      6720696E 
 2196      7400
 2197              	.LASF37:
 2198 008a 4C43445F 		.ascii	"LCD_Char_1_PrintString\000"
 2198      43686172 
 2198      5F315F50 
 2198      72696E74 
ARM GAS  C:\Users\vidan\AppData\Local\Temp\cc8gr6o6.s 			page 43


 2198      53747269 
 2199              	.LASF47:
 2200 00a1 474E5520 		.ascii	"GNU C11 5.4.1 20160609 (release) [ARM/embedded-5-br"
 2200      43313120 
 2200      352E342E 
 2200      31203230 
 2200      31363036 
 2201 00d4 616E6368 		.ascii	"anch revision 237715] -mcpu=cortex-m3 -mthumb -g -O"
 2201      20726576 
 2201      6973696F 
 2201      6E203233 
 2201      37373135 
 2202 0107 67202D66 		.ascii	"g -ffunction-sections -ffat-lto-objects\000"
 2202      66756E63 
 2202      74696F6E 
 2202      2D736563 
 2202      74696F6E 
 2203              	.LASF5:
 2204 012f 6C6F6E67 		.ascii	"long unsigned int\000"
 2204      20756E73 
 2204      69676E65 
 2204      6420696E 
 2204      7400
 2205              	.LASF3:
 2206 0141 73686F72 		.ascii	"short unsigned int\000"
 2206      7420756E 
 2206      7369676E 
 2206      65642069 
 2206      6E7400
 2207              	.LASF21:
 2208 0154 4D616B65 		.ascii	"MakeLongLight\000"
 2208      4C6F6E67 
 2208      4C696768 
 2208      7400
 2209              	.LASF1:
 2210 0162 756E7369 		.ascii	"unsigned char\000"
 2210      676E6564 
 2210      20636861 
 2210      7200
 2211              	.LASF12:
 2212 0170 646F7562 		.ascii	"double\000"
 2212      6C6500
 2213              	.LASF32:
 2214 0177 44325F57 		.ascii	"D2_Write\000"
 2214      72697465 
 2214      00
 2215              	.LASF38:
 2216 0180 73747263 		.ascii	"strcmp\000"
 2216      6D7000
 2217              	.LASF33:
 2218 0187 44335F57 		.ascii	"D3_Write\000"
 2218      72697465 
 2218      00
 2219              	.LASF51:
 2220 0190 49544D5F 		.ascii	"ITM_RxBuffer\000"
 2220      52784275 
 2220      66666572 
ARM GAS  C:\Users\vidan\AppData\Local\Temp\cc8gr6o6.s 			page 44


 2220      00
 2221              	.LASF31:
 2222 019d 44315F57 		.ascii	"D1_Write\000"
 2222      72697465 
 2222      00
 2223              	.LASF40:
 2224 01a6 7374726C 		.ascii	"strlen\000"
 2224      656E00
 2225              	.LASF45:
 2226 01ad 53776974 		.ascii	"Switch_2_Read\000"
 2226      63685F32 
 2226      5F526561 
 2226      6400
 2227              	.LASF7:
 2228 01bb 6C6F6E67 		.ascii	"long long unsigned int\000"
 2228      206C6F6E 
 2228      6720756E 
 2228      7369676E 
 2228      65642069 
 2229              	.LASF26:
 2230 01d2 72657375 		.ascii	"result\000"
 2230      6C7400
 2231              	.LASF50:
 2232 01d9 6D61696E 		.ascii	"main\000"
 2232      00
 2233              	.LASF10:
 2234 01de 696E7433 		.ascii	"int32_t\000"
 2234      325F7400 
 2235              	.LASF14:
 2236 01e6 73697A65 		.ascii	"sizetype\000"
 2236      74797065 
 2236      00
 2237              	.LASF42:
 2238 01ef 6B657970 		.ascii	"keypadInit\000"
 2238      6164496E 
 2238      697400
 2239              	.LASF24:
 2240 01fa 4C434450 		.ascii	"LCDPrint\000"
 2240      72696E74 
 2240      00
 2241              	.LASF48:
 2242 0203 6D61696E 		.ascii	"main.c\000"
 2242      2E6300
 2243              	.LASF13:
 2244 020a 63686172 		.ascii	"char\000"
 2244      00
 2245              	.LASF43:
 2246 020f 6B657970 		.ascii	"keypadScan\000"
 2246      61645363 
 2246      616E00
 2247              	.LASF36:
 2248 021a 4C43445F 		.ascii	"LCD_Char_1_Position\000"
 2248      43686172 
 2248      5F315F50 
 2248      6F736974 
 2248      696F6E00 
 2249              	.LASF27:
ARM GAS  C:\Users\vidan\AppData\Local\Temp\cc8gr6o6.s 			page 45


 2250 022e 61707065 		.ascii	"append\000"
 2250      6E6400
 2251              	.LASF2:
 2252 0235 73686F72 		.ascii	"short int\000"
 2252      7420696E 
 2252      7400
 2253              	.LASF19:
 2254 023f 73747269 		.ascii	"string1\000"
 2254      6E673100 
 2255              	.LASF20:
 2256 0247 73747269 		.ascii	"string2\000"
 2256      6E673200 
 2257              	.LASF49:
 2258 024f 433A5C55 		.ascii	"C:\\Users\\vidan\\Documents\\GitHub\\DigitalElectro"
 2258      73657273 
 2258      5C766964 
 2258      616E5C44 
 2258      6F63756D 
 2259 027d 6E696373 		.ascii	"nicsProject\\Project.cydsn\000"
 2259      50726F6A 
 2259      6563745C 
 2259      50726F6A 
 2259      6563742E 
 2260              	.LASF4:
 2261 0297 6C6F6E67 		.ascii	"long int\000"
 2261      20696E74 
 2261      00
 2262              	.LASF41:
 2263 02a0 4C43445F 		.ascii	"LCD_Char_1_Start\000"
 2263      43686172 
 2263      5F315F53 
 2263      74617274 
 2263      00
 2264              	.LASF15:
 2265 02b1 6C6F6E67 		.ascii	"long double\000"
 2265      20646F75 
 2265      626C6500 
 2266              	.LASF25:
 2267 02bd 53656E64 		.ascii	"Send\000"
 2267      00
 2268              	.LASF0:
 2269 02c2 7369676E 		.ascii	"signed char\000"
 2269      65642063 
 2269      68617200 
 2270              	.LASF46:
 2271 02ce 53776974 		.ascii	"Switch_3_Read\000"
 2271      63685F33 
 2271      5F526561 
 2271      6400
 2272              	.LASF44:
 2273 02dc 53776974 		.ascii	"Switch_1_Read\000"
 2273      63685F31 
 2273      5F526561 
 2273      6400
 2274              	.LASF35:
 2275 02ea 43794465 		.ascii	"CyDelay\000"
 2275      6C617900 
ARM GAS  C:\Users\vidan\AppData\Local\Temp\cc8gr6o6.s 			page 46


 2276              	.LASF30:
 2277 02f2 61737072 		.ascii	"asprintf\000"
 2277      696E7466 
 2277      00
 2278              		.ident	"GCC: (GNU Tools for ARM Embedded Processors) 5.4.1 20160609 (release) [ARM/embedded-5-bran
